41.0 APEX_CODE,FINER;APEX_PROFILING,ERROR;CALLOUT,ERROR;DB,ERROR;SYSTEM,ERROR;VALIDATION,ERROR;VISUALFORCE,ERROR;WAVE,NONE;WORKFLOW,ERROR
11:41:48.0 (68070)|USER_INFO|[EXTERNAL]|0059E000002qaT2|arkadiusz.celej@ef.com.sprintqa|Central European Time|GMT+01:00
11:41:48.0 (107101)|EXECUTION_STARTED
11:41:48.0 (112162)|CODE_UNIT_STARTED|[EXTERNAL]|Aura
11:41:48.0 (1099837)|CODE_UNIT_STARTED|[EXTERNAL]|01p9E000000OaMG|MyProductivity.getMyStatistics
11:41:48.0 (1217750)|HEAP_ALLOCATE|[72]|Bytes:3
11:41:48.0 (1247859)|HEAP_ALLOCATE|[77]|Bytes:152
11:41:48.0 (1261994)|HEAP_ALLOCATE|[342]|Bytes:408
11:41:48.0 (1295710)|HEAP_ALLOCATE|[355]|Bytes:408
11:41:48.0 (1320978)|HEAP_ALLOCATE|[467]|Bytes:48
11:41:48.0 (1357227)|HEAP_ALLOCATE|[139]|Bytes:6
11:41:48.0 (1419817)|HEAP_ALLOCATE|[EXTERNAL]|Bytes:12
11:41:48.0 (1424806)|HEAP_ALLOCATE|[EXTERNAL]|Bytes:13
11:41:48.0 (1434770)|METHOD_ENTRY|[1]|01p9E000000OaMG|MyProductivity.MyProductivity()
11:41:48.0 (1440219)|STATEMENT_EXECUTE|[1]
11:41:48.0 (1444203)|STATEMENT_EXECUTE|[1]
11:41:48.0 (1469872)|HEAP_ALLOCATE|[50]|Bytes:5
11:41:48.0 (1487009)|HEAP_ALLOCATE|[56]|Bytes:5
11:41:48.0 (1494240)|HEAP_ALLOCATE|[64]|Bytes:7
11:41:48.0 (1519260)|STATEMENT_EXECUTE|[3]
11:41:48.0 (1549362)|HEAP_ALLOCATE|[3]|Bytes:85
11:41:48.0 (1558042)|SYSTEM_METHOD_ENTRY|[1]|UserInfo.UserInfo()
11:41:48.0 (1561060)|STATEMENT_EXECUTE|[1]
11:41:48.0 (1566234)|SYSTEM_METHOD_EXIT|[1]|UserInfo
11:41:48.0 (1576933)|METHOD_ENTRY|[3]||System.UserInfo.getUserId()
11:41:48.0 (1621718)|METHOD_EXIT|[3]||System.UserInfo.getUserId()
11:41:48.0 (1636249)|HEAP_ALLOCATE|[3]|Bytes:4
11:41:48.0 (1641765)|STATEMENT_EXECUTE|[36]
11:41:48.0 (1649466)|METHOD_EXIT|[1]|MyProductivity
11:41:48.0 (1667076)|STATEMENT_EXECUTE|[6]
11:41:48.0 (1668707)|STATEMENT_EXECUTE|[7]
11:41:48.0 (1669784)|STATEMENT_EXECUTE|[7]
11:41:48.0 (1670861)|STATEMENT_EXECUTE|[8]
11:41:48.0 (1731536)|HEAP_ALLOCATE|[8]|Bytes:20
11:41:48.0 (1742470)|CONSTRUCTOR_ENTRY|[8]|01p9E000000OaMG|<init>()
11:41:48.0 (1761068)|HEAP_ALLOCATE|[EXTERNAL]|Bytes:6
11:41:48.0 (1773419)|STATEMENT_EXECUTE|[36]
11:41:48.0 (1775140)|STATEMENT_EXECUTE|[38]
11:41:48.0 (1776228)|STATEMENT_EXECUTE|[40]
11:41:48.0 (1777289)|STATEMENT_EXECUTE|[42]
11:41:48.0 (1778230)|STATEMENT_EXECUTE|[44]
11:41:48.0 (1781031)|CONSTRUCTOR_EXIT|[8]|01p9E000000OaMG|<init>()
11:41:48.0 (1785022)|STATEMENT_EXECUTE|[9]
11:41:48.0 (1791500)|METHOD_ENTRY|[9]|01p9E000000OaMG|MyProductivity.calculateMyCompletedTasks()
11:41:48.0 (1810411)|STATEMENT_EXECUTE|[20]
11:41:48.0 (1811941)|STATEMENT_EXECUTE|[21]
11:41:48.0 (1932652)|HEAP_ALLOCATE|[21]|Bytes:36
11:41:48.0 (1941806)|METHOD_ENTRY|[13]|01p9E000000B0Gj|TasksSelector.TasksSelector()
11:41:48.0 (1945900)|STATEMENT_EXECUTE|[13]
11:41:48.0 (1948345)|STATEMENT_EXECUTE|[13]
11:41:48.0 (1951291)|METHOD_EXIT|[13]|TasksSelector
11:41:48.0 (1960461)|METHOD_ENTRY|[21]|01p9E000000B0Gj|TasksSelector.getTasksClosedTodayByUser(Id)
11:41:48.0 (1972915)|STATEMENT_EXECUTE|[103]
11:41:48.0 (1974358)|STATEMENT_EXECUTE|[104]
11:41:48.0 (1976721)|HEAP_ALLOCATE|[104]|Bytes:95
11:41:48.0 (1990833)|HEAP_ALLOCATE|[104]|Bytes:4
11:41:48.0 (1999184)|HEAP_ALLOCATE|[104]|Bytes:7
11:41:48.0 (6595609)|HEAP_ALLOCATE|[104]|Bytes:4
11:41:48.0 (6609117)|HEAP_ALLOCATE|[104]|Bytes:0
11:41:48.0 (6690781)|HEAP_ALLOCATE|[104]|Bytes:4
11:41:48.0 (6705341)|METHOD_EXIT|[21]|01p9E000000B0Gj|TasksSelector.getTasksClosedTodayByUser(Id)
11:41:48.0 (6752375)|METHOD_EXIT|[9]|01p9E000000OaMG|MyProductivity.calculateMyCompletedTasks()
11:41:48.0 (6760618)|HEAP_ALLOCATE|[9]|Bytes:4
11:41:48.0 (6764890)|STATEMENT_EXECUTE|[10]
11:41:48.0 (6772114)|METHOD_ENTRY|[10]|01p9E000000OaMG|MyProductivity.calculateMyReachedTasks()
11:41:48.0 (6797952)|STATEMENT_EXECUTE|[24]
11:41:48.0 (6799616)|STATEMENT_EXECUTE|[25]
11:41:48.0 (6808843)|METHOD_ENTRY|[25]|01p9E000000B0Gj|TasksSelector.getTodaysCallTasksReachedByUser(Id)
11:41:48.0 (6820527)|STATEMENT_EXECUTE|[96]
11:41:48.0 (6821711)|STATEMENT_EXECUTE|[97]
11:41:48.0 (6824983)|HEAP_ALLOCATE|[97]|Bytes:127
11:41:48.0 (6837253)|HEAP_ALLOCATE|[97]|Bytes:4
11:41:48.0 (11631441)|HEAP_ALLOCATE|[97]|Bytes:4
11:41:48.0 (11645495)|HEAP_ALLOCATE|[97]|Bytes:0
11:41:48.0 (11674199)|HEAP_ALLOCATE|[97]|Bytes:4
11:41:48.0 (11687597)|METHOD_EXIT|[25]|01p9E000000B0Gj|TasksSelector.getTodaysCallTasksReachedByUser(Id)
11:41:48.0 (11708308)|METHOD_EXIT|[10]|01p9E000000OaMG|MyProductivity.calculateMyReachedTasks()
11:41:48.0 (11715518)|HEAP_ALLOCATE|[10]|Bytes:4
11:41:48.0 (11719816)|STATEMENT_EXECUTE|[11]
11:41:48.0 (11726500)|METHOD_ENTRY|[11]|01p9E000000OaMG|MyProductivity.calculateWeeksBooked()
11:41:48.0 (11751864)|STATEMENT_EXECUTE|[32]
11:41:48.0 (11753611)|STATEMENT_EXECUTE|[33]
11:41:48.0 (11758786)|METHOD_EXIT|[11]|01p9E000000OaMG|MyProductivity.calculateWeeksBooked()
11:41:48.0 (11763969)|HEAP_ALLOCATE|[11]|Bytes:4
11:41:48.0 (11766813)|STATEMENT_EXECUTE|[12]
11:41:48.0 (11771579)|METHOD_ENTRY|[12]|01p9E000000OaMG|MyProductivity.myLeads()
11:41:48.0 (11784692)|STATEMENT_EXECUTE|[28]
11:41:48.0 (11786178)|STATEMENT_EXECUTE|[29]
11:41:48.0 (11789482)|HEAP_ALLOCATE|[29]|Bytes:8
11:41:48.0 (11794063)|HEAP_ALLOCATE|[29]|Bytes:4
11:41:48.0 (11803683)|METHOD_ENTRY|[29]|01p9E000000B0Gj|TasksSelector.getTodaysTasksByTypeAndWhoType(String, String)
11:41:48.0 (11814883)|STATEMENT_EXECUTE|[87]
11:41:48.0 (11816205)|STATEMENT_EXECUTE|[88]
11:41:48.0 (11818005)|HEAP_ALLOCATE|[88]|Bytes:191
11:41:48.0 (11830566)|HEAP_ALLOCATE|[88]|Bytes:4
11:41:48.0 (11842901)|HEAP_ALLOCATE|[88]|Bytes:7
11:41:48.0 (33576510)|HEAP_ALLOCATE|[88]|Bytes:8
11:41:48.0 (33600199)|HEAP_ALLOCATE|[88]|Bytes:16
11:41:48.0 (33663267)|HEAP_ALLOCATE|[88]|Bytes:8
11:41:48.0 (33685154)|METHOD_EXIT|[29]|01p9E000000B0Gj|TasksSelector.getTodaysTasksByTypeAndWhoType(String, String)
11:41:48.0 (33727405)|HEAP_ALLOCATE|[29]|Bytes:8
11:41:48.0 (33734554)|HEAP_ALLOCATE|[29]|Bytes:3
11:41:48.0 (33788715)|METHOD_EXIT|[12]|01p9E000000OaMG|MyProductivity.myLeads()
11:41:48.0 (33797957)|HEAP_ALLOCATE|[12]|Bytes:4
11:41:48.0 (33802843)|STATEMENT_EXECUTE|[13]
11:41:48.0 (33842429)|CODE_UNIT_FINISHED|MyProductivity.getMyStatistics
11:41:48.0 (34972472)|CODE_UNIT_STARTED|[EXTERNAL]|Aura
11:41:48.0 (35013340)|CODE_UNIT_FINISHED|Aura
11:41:48.0 (35038563)|CODE_UNIT_FINISHED|Aura
11:41:48.0 (35834986)|EXECUTION_FINISHED
