41.0 APEX_CODE,FINER;APEX_PROFILING,ERROR;CALLOUT,ERROR;DB,ERROR;SYSTEM,ERROR;VALIDATION,ERROR;VISUALFORCE,ERROR;WAVE,NONE;WORKFLOW,ERROR
11:42:25.0 (70111)|USER_INFO|[EXTERNAL]|0059E000002qaT2|arkadiusz.celej@ef.com.sprintqa|Central European Time|GMT+01:00
11:42:25.0 (102722)|EXECUTION_STARTED
11:42:25.0 (107246)|CODE_UNIT_STARTED|[EXTERNAL]|Aura
11:42:25.0 (1132717)|CODE_UNIT_STARTED|[EXTERNAL]|01p9E000000OaMG|MyProductivity.getMyStatistics
11:42:25.0 (1251210)|HEAP_ALLOCATE|[72]|Bytes:3
11:42:25.0 (1290224)|HEAP_ALLOCATE|[77]|Bytes:152
11:42:25.0 (1304172)|HEAP_ALLOCATE|[342]|Bytes:408
11:42:25.0 (1319990)|HEAP_ALLOCATE|[355]|Bytes:408
11:42:25.0 (1333220)|HEAP_ALLOCATE|[467]|Bytes:48
11:42:25.0 (1358137)|HEAP_ALLOCATE|[139]|Bytes:6
11:42:25.0 (1425524)|HEAP_ALLOCATE|[EXTERNAL]|Bytes:12
11:42:25.0 (1430664)|HEAP_ALLOCATE|[EXTERNAL]|Bytes:13
11:42:25.0 (1441436)|METHOD_ENTRY|[1]|01p9E000000OaMG|MyProductivity.MyProductivity()
11:42:25.0 (1446964)|STATEMENT_EXECUTE|[1]
11:42:25.0 (1451167)|STATEMENT_EXECUTE|[1]
11:42:25.0 (1479578)|HEAP_ALLOCATE|[50]|Bytes:5
11:42:25.0 (1501090)|HEAP_ALLOCATE|[56]|Bytes:5
11:42:25.0 (1507616)|HEAP_ALLOCATE|[64]|Bytes:7
11:42:25.0 (1533821)|STATEMENT_EXECUTE|[3]
11:42:25.0 (1564258)|HEAP_ALLOCATE|[3]|Bytes:85
11:42:25.0 (1573288)|SYSTEM_METHOD_ENTRY|[1]|UserInfo.UserInfo()
11:42:25.0 (1576544)|STATEMENT_EXECUTE|[1]
11:42:25.0 (1583153)|SYSTEM_METHOD_EXIT|[1]|UserInfo
11:42:25.0 (1595739)|METHOD_ENTRY|[3]||System.UserInfo.getUserId()
11:42:25.0 (1657803)|METHOD_EXIT|[3]||System.UserInfo.getUserId()
11:42:25.0 (1673605)|HEAP_ALLOCATE|[3]|Bytes:4
11:42:25.0 (1678964)|STATEMENT_EXECUTE|[36]
11:42:25.0 (1688994)|METHOD_EXIT|[1]|MyProductivity
11:42:25.0 (1708683)|STATEMENT_EXECUTE|[6]
11:42:25.0 (1710424)|STATEMENT_EXECUTE|[7]
11:42:25.0 (1711596)|STATEMENT_EXECUTE|[7]
11:42:25.0 (1712765)|STATEMENT_EXECUTE|[8]
11:42:25.0 (1790624)|HEAP_ALLOCATE|[8]|Bytes:20
11:42:25.0 (1804221)|CONSTRUCTOR_ENTRY|[8]|01p9E000000OaMG|<init>()
11:42:25.0 (1824483)|HEAP_ALLOCATE|[EXTERNAL]|Bytes:6
11:42:25.0 (1838113)|STATEMENT_EXECUTE|[36]
11:42:25.0 (1839815)|STATEMENT_EXECUTE|[38]
11:42:25.0 (1840875)|STATEMENT_EXECUTE|[40]
11:42:25.0 (1841951)|STATEMENT_EXECUTE|[42]
11:42:25.0 (1842980)|STATEMENT_EXECUTE|[44]
11:42:25.0 (1846383)|CONSTRUCTOR_EXIT|[8]|01p9E000000OaMG|<init>()
11:42:25.0 (1850760)|STATEMENT_EXECUTE|[9]
11:42:25.0 (1857462)|METHOD_ENTRY|[9]|01p9E000000OaMG|MyProductivity.calculateMyCompletedTasks()
11:42:25.0 (1876857)|STATEMENT_EXECUTE|[20]
11:42:25.0 (1878314)|STATEMENT_EXECUTE|[21]
11:42:25.0 (1999219)|HEAP_ALLOCATE|[21]|Bytes:36
11:42:25.0 (2008434)|METHOD_ENTRY|[13]|01p9E000000B0Gj|TasksSelector.TasksSelector()
11:42:25.0 (2013207)|STATEMENT_EXECUTE|[13]
11:42:25.0 (2015751)|STATEMENT_EXECUTE|[13]
11:42:25.0 (2018806)|METHOD_EXIT|[13]|TasksSelector
11:42:25.0 (2028145)|METHOD_ENTRY|[21]|01p9E000000B0Gj|TasksSelector.getTasksClosedTodayByUser(Id)
11:42:25.0 (2041244)|STATEMENT_EXECUTE|[103]
11:42:25.0 (2042737)|STATEMENT_EXECUTE|[104]
11:42:25.0 (2044951)|HEAP_ALLOCATE|[104]|Bytes:95
11:42:25.0 (2066315)|HEAP_ALLOCATE|[104]|Bytes:4
11:42:25.0 (2077541)|HEAP_ALLOCATE|[104]|Bytes:7
11:42:25.0 (38859536)|HEAP_ALLOCATE|[104]|Bytes:4
11:42:25.0 (38889504)|HEAP_ALLOCATE|[104]|Bytes:0
11:42:25.0 (39057656)|HEAP_ALLOCATE|[104]|Bytes:4
11:42:25.0 (39084684)|METHOD_EXIT|[21]|01p9E000000B0Gj|TasksSelector.getTasksClosedTodayByUser(Id)
11:42:25.0 (39155044)|METHOD_EXIT|[9]|01p9E000000OaMG|MyProductivity.calculateMyCompletedTasks()
11:42:25.0 (39165736)|HEAP_ALLOCATE|[9]|Bytes:4
11:42:25.0 (39171828)|STATEMENT_EXECUTE|[10]
11:42:25.0 (39184387)|METHOD_ENTRY|[10]|01p9E000000OaMG|MyProductivity.calculateMyReachedTasks()
11:42:25.0 (39230174)|STATEMENT_EXECUTE|[24]
11:42:25.0 (39231803)|STATEMENT_EXECUTE|[25]
11:42:25.0 (39243094)|METHOD_ENTRY|[25]|01p9E000000B0Gj|TasksSelector.getTodaysCallTasksReachedByUser(Id)
11:42:25.0 (39256085)|STATEMENT_EXECUTE|[96]
11:42:25.0 (39257207)|STATEMENT_EXECUTE|[97]
11:42:25.0 (39261916)|HEAP_ALLOCATE|[97]|Bytes:127
11:42:25.0 (39281915)|HEAP_ALLOCATE|[97]|Bytes:4
11:42:25.0 (45158719)|HEAP_ALLOCATE|[97]|Bytes:4
11:42:25.0 (45172085)|HEAP_ALLOCATE|[97]|Bytes:0
11:42:25.0 (45201561)|HEAP_ALLOCATE|[97]|Bytes:4
11:42:25.0 (45213951)|METHOD_EXIT|[25]|01p9E000000B0Gj|TasksSelector.getTodaysCallTasksReachedByUser(Id)
11:42:25.0 (45234000)|METHOD_EXIT|[10]|01p9E000000OaMG|MyProductivity.calculateMyReachedTasks()
11:42:25.0 (45240344)|HEAP_ALLOCATE|[10]|Bytes:4
11:42:25.0 (45244447)|STATEMENT_EXECUTE|[11]
11:42:25.0 (45251303)|METHOD_ENTRY|[11]|01p9E000000OaMG|MyProductivity.calculateWeeksBooked()
11:42:25.0 (45276175)|STATEMENT_EXECUTE|[32]
11:42:25.0 (45277833)|STATEMENT_EXECUTE|[33]
11:42:25.0 (45282914)|METHOD_EXIT|[11]|01p9E000000OaMG|MyProductivity.calculateWeeksBooked()
11:42:25.0 (45288178)|HEAP_ALLOCATE|[11]|Bytes:4
11:42:25.0 (45291013)|STATEMENT_EXECUTE|[12]
11:42:25.0 (45296108)|METHOD_ENTRY|[12]|01p9E000000OaMG|MyProductivity.myLeads()
11:42:25.0 (45308844)|STATEMENT_EXECUTE|[28]
11:42:25.0 (45310124)|STATEMENT_EXECUTE|[29]
11:42:25.0 (45313448)|HEAP_ALLOCATE|[29]|Bytes:8
11:42:25.0 (45317777)|HEAP_ALLOCATE|[29]|Bytes:4
11:42:25.0 (45327413)|METHOD_ENTRY|[29]|01p9E000000B0Gj|TasksSelector.getTodaysTasksByTypeAndWhoType(String, String)
11:42:25.0 (45338465)|STATEMENT_EXECUTE|[87]
11:42:25.0 (45339776)|STATEMENT_EXECUTE|[88]
11:42:25.0 (45341652)|HEAP_ALLOCATE|[88]|Bytes:191
11:42:25.0 (45352976)|HEAP_ALLOCATE|[88]|Bytes:4
11:42:25.0 (45365709)|HEAP_ALLOCATE|[88]|Bytes:7
11:42:25.0 (64629163)|HEAP_ALLOCATE|[88]|Bytes:8
11:42:25.0 (64668596)|HEAP_ALLOCATE|[88]|Bytes:16
11:42:25.0 (64779389)|HEAP_ALLOCATE|[88]|Bytes:8
11:42:25.0 (64806520)|METHOD_EXIT|[29]|01p9E000000B0Gj|TasksSelector.getTodaysTasksByTypeAndWhoType(String, String)
11:42:25.0 (64856800)|HEAP_ALLOCATE|[29]|Bytes:8
11:42:25.0 (64865922)|HEAP_ALLOCATE|[29]|Bytes:3
11:42:25.0 (64936953)|METHOD_EXIT|[12]|01p9E000000OaMG|MyProductivity.myLeads()
11:42:25.0 (64947391)|HEAP_ALLOCATE|[12]|Bytes:4
11:42:25.0 (64952535)|STATEMENT_EXECUTE|[13]
11:42:25.0 (65000563)|CODE_UNIT_FINISHED|MyProductivity.getMyStatistics
11:42:25.0 (66157798)|CODE_UNIT_STARTED|[EXTERNAL]|Aura
11:42:25.0 (66199096)|CODE_UNIT_FINISHED|Aura
11:42:25.0 (66223794)|CODE_UNIT_FINISHED|Aura
11:42:25.0 (67002188)|EXECUTION_FINISHED
