41.0 APEX_CODE,FINER;APEX_PROFILING,ERROR;CALLOUT,ERROR;DB,ERROR;SYSTEM,ERROR;VALIDATION,ERROR;VISUALFORCE,ERROR;WAVE,NONE;WORKFLOW,ERROR
11:42:36.0 (73866)|USER_INFO|[EXTERNAL]|0059E000002qaT2|arkadiusz.celej@ef.com.sprintqa|Central European Time|GMT+01:00
11:42:36.0 (113478)|EXECUTION_STARTED
11:42:36.0 (117798)|CODE_UNIT_STARTED|[EXTERNAL]|Aura
11:42:36.0 (1199469)|CODE_UNIT_STARTED|[EXTERNAL]|01p9E000000OaMG|MyProductivity.getMyStatistics
11:42:36.0 (1347211)|HEAP_ALLOCATE|[72]|Bytes:3
11:42:36.0 (1398366)|HEAP_ALLOCATE|[77]|Bytes:152
11:42:36.0 (1415234)|HEAP_ALLOCATE|[342]|Bytes:408
11:42:36.0 (1430332)|HEAP_ALLOCATE|[355]|Bytes:408
11:42:36.0 (1444529)|HEAP_ALLOCATE|[467]|Bytes:48
11:42:36.0 (1470944)|HEAP_ALLOCATE|[139]|Bytes:6
11:42:36.0 (1540269)|HEAP_ALLOCATE|[EXTERNAL]|Bytes:12
11:42:36.0 (1545560)|HEAP_ALLOCATE|[EXTERNAL]|Bytes:13
11:42:36.0 (1569002)|METHOD_ENTRY|[1]|01p9E000000OaMG|MyProductivity.MyProductivity()
11:42:36.0 (1577474)|STATEMENT_EXECUTE|[1]
11:42:36.0 (1584066)|STATEMENT_EXECUTE|[1]
11:42:36.0 (1629708)|HEAP_ALLOCATE|[50]|Bytes:5
11:42:36.0 (1654100)|HEAP_ALLOCATE|[56]|Bytes:5
11:42:36.0 (1661805)|HEAP_ALLOCATE|[64]|Bytes:7
11:42:36.0 (1688775)|STATEMENT_EXECUTE|[3]
11:42:36.0 (1723692)|HEAP_ALLOCATE|[3]|Bytes:85
11:42:36.0 (1733532)|SYSTEM_METHOD_ENTRY|[1]|UserInfo.UserInfo()
11:42:36.0 (1736476)|STATEMENT_EXECUTE|[1]
11:42:36.0 (1742992)|SYSTEM_METHOD_EXIT|[1]|UserInfo
11:42:36.0 (1755222)|METHOD_ENTRY|[3]||System.UserInfo.getUserId()
11:42:36.0 (1831508)|METHOD_EXIT|[3]||System.UserInfo.getUserId()
11:42:36.0 (1857769)|HEAP_ALLOCATE|[3]|Bytes:4
11:42:36.0 (1868555)|STATEMENT_EXECUTE|[36]
11:42:36.0 (1882189)|METHOD_EXIT|[1]|MyProductivity
11:42:36.0 (1904356)|STATEMENT_EXECUTE|[6]
11:42:36.0 (1905939)|STATEMENT_EXECUTE|[7]
11:42:36.0 (1906978)|STATEMENT_EXECUTE|[7]
11:42:36.0 (1908133)|STATEMENT_EXECUTE|[8]
11:42:36.0 (1990040)|HEAP_ALLOCATE|[8]|Bytes:20
11:42:36.0 (2002406)|CONSTRUCTOR_ENTRY|[8]|01p9E000000OaMG|<init>()
11:42:36.0 (2024740)|HEAP_ALLOCATE|[EXTERNAL]|Bytes:6
11:42:36.0 (2038857)|STATEMENT_EXECUTE|[36]
11:42:36.0 (2040432)|STATEMENT_EXECUTE|[38]
11:42:36.0 (2041549)|STATEMENT_EXECUTE|[40]
11:42:36.0 (2042833)|STATEMENT_EXECUTE|[42]
11:42:36.0 (2055295)|STATEMENT_EXECUTE|[44]
11:42:36.0 (2060193)|CONSTRUCTOR_EXIT|[8]|01p9E000000OaMG|<init>()
11:42:36.0 (2067425)|STATEMENT_EXECUTE|[9]
11:42:36.0 (2078452)|METHOD_ENTRY|[9]|01p9E000000OaMG|MyProductivity.calculateMyCompletedTasks()
11:42:36.0 (2115257)|STATEMENT_EXECUTE|[20]
11:42:36.0 (2118206)|STATEMENT_EXECUTE|[21]
11:42:36.0 (2254779)|HEAP_ALLOCATE|[21]|Bytes:36
11:42:36.0 (2265064)|METHOD_ENTRY|[13]|01p9E000000B0Gj|TasksSelector.TasksSelector()
11:42:36.0 (2269442)|STATEMENT_EXECUTE|[13]
11:42:36.0 (2272039)|STATEMENT_EXECUTE|[13]
11:42:36.0 (2275264)|METHOD_EXIT|[13]|TasksSelector
11:42:36.0 (2287458)|METHOD_ENTRY|[21]|01p9E000000B0Gj|TasksSelector.getTasksClosedTodayByUser(Id)
11:42:36.0 (2301212)|STATEMENT_EXECUTE|[103]
11:42:36.0 (2302759)|STATEMENT_EXECUTE|[104]
11:42:36.0 (2305205)|HEAP_ALLOCATE|[104]|Bytes:95
11:42:36.0 (2334095)|HEAP_ALLOCATE|[104]|Bytes:4
11:42:36.0 (2351773)|HEAP_ALLOCATE|[104]|Bytes:7
11:42:36.0 (8476528)|HEAP_ALLOCATE|[104]|Bytes:4
11:42:36.0 (8493520)|HEAP_ALLOCATE|[104]|Bytes:0
11:42:36.0 (8633334)|HEAP_ALLOCATE|[104]|Bytes:4
11:42:36.0 (8669563)|METHOD_EXIT|[21]|01p9E000000B0Gj|TasksSelector.getTasksClosedTodayByUser(Id)
11:42:36.0 (8736283)|METHOD_EXIT|[9]|01p9E000000OaMG|MyProductivity.calculateMyCompletedTasks()
11:42:36.0 (8746209)|HEAP_ALLOCATE|[9]|Bytes:4
11:42:36.0 (8751821)|STATEMENT_EXECUTE|[10]
11:42:36.0 (8760922)|METHOD_ENTRY|[10]|01p9E000000OaMG|MyProductivity.calculateMyReachedTasks()
11:42:36.0 (8806234)|STATEMENT_EXECUTE|[24]
11:42:36.0 (8809355)|STATEMENT_EXECUTE|[25]
11:42:36.0 (8823132)|METHOD_ENTRY|[25]|01p9E000000B0Gj|TasksSelector.getTodaysCallTasksReachedByUser(Id)
11:42:36.0 (8839204)|STATEMENT_EXECUTE|[96]
11:42:36.0 (8840453)|STATEMENT_EXECUTE|[97]
11:42:36.0 (8844365)|HEAP_ALLOCATE|[97]|Bytes:127
11:42:36.0 (8860546)|HEAP_ALLOCATE|[97]|Bytes:4
11:42:36.0 (15443781)|HEAP_ALLOCATE|[97]|Bytes:4
11:42:36.0 (15460115)|HEAP_ALLOCATE|[97]|Bytes:0
11:42:36.0 (15503148)|HEAP_ALLOCATE|[97]|Bytes:4
11:42:36.0 (15520558)|METHOD_EXIT|[25]|01p9E000000B0Gj|TasksSelector.getTodaysCallTasksReachedByUser(Id)
11:42:36.0 (15546651)|METHOD_EXIT|[10]|01p9E000000OaMG|MyProductivity.calculateMyReachedTasks()
11:42:36.0 (15555401)|HEAP_ALLOCATE|[10]|Bytes:4
11:42:36.0 (15559903)|STATEMENT_EXECUTE|[11]
11:42:36.0 (15584723)|METHOD_ENTRY|[11]|01p9E000000OaMG|MyProductivity.calculateWeeksBooked()
11:42:36.0 (15632434)|STATEMENT_EXECUTE|[32]
11:42:36.0 (15635947)|STATEMENT_EXECUTE|[33]
11:42:36.0 (15647588)|METHOD_EXIT|[11]|01p9E000000OaMG|MyProductivity.calculateWeeksBooked()
11:42:36.0 (15659286)|HEAP_ALLOCATE|[11]|Bytes:4
11:42:36.0 (15664553)|STATEMENT_EXECUTE|[12]
11:42:36.0 (15673917)|METHOD_ENTRY|[12]|01p9E000000OaMG|MyProductivity.myLeads()
11:42:36.0 (15704941)|STATEMENT_EXECUTE|[28]
11:42:36.0 (15707576)|STATEMENT_EXECUTE|[29]
11:42:36.0 (15712900)|HEAP_ALLOCATE|[29]|Bytes:8
11:42:36.0 (15722221)|HEAP_ALLOCATE|[29]|Bytes:4
11:42:36.0 (15739680)|METHOD_ENTRY|[29]|01p9E000000B0Gj|TasksSelector.getTodaysTasksByTypeAndWhoType(String, String)
11:42:36.0 (15761661)|STATEMENT_EXECUTE|[87]
11:42:36.0 (15763962)|STATEMENT_EXECUTE|[88]
11:42:36.0 (15767203)|HEAP_ALLOCATE|[88]|Bytes:191
11:42:36.0 (15789023)|HEAP_ALLOCATE|[88]|Bytes:4
11:42:36.0 (15812243)|HEAP_ALLOCATE|[88]|Bytes:7
11:42:36.0 (39446714)|HEAP_ALLOCATE|[88]|Bytes:8
11:42:36.0 (39482547)|HEAP_ALLOCATE|[88]|Bytes:16
11:42:36.0 (39598253)|HEAP_ALLOCATE|[88]|Bytes:8
11:42:36.0 (39623126)|METHOD_EXIT|[29]|01p9E000000B0Gj|TasksSelector.getTodaysTasksByTypeAndWhoType(String, String)
11:42:36.0 (39699229)|HEAP_ALLOCATE|[29]|Bytes:8
11:42:36.0 (39712125)|HEAP_ALLOCATE|[29]|Bytes:3
11:42:36.0 (39799460)|METHOD_EXIT|[12]|01p9E000000OaMG|MyProductivity.myLeads()
11:42:36.0 (39814211)|HEAP_ALLOCATE|[12]|Bytes:4
11:42:36.0 (39822011)|STATEMENT_EXECUTE|[13]
11:42:36.0 (39878630)|CODE_UNIT_FINISHED|MyProductivity.getMyStatistics
11:42:36.0 (41453672)|CODE_UNIT_STARTED|[EXTERNAL]|Aura
11:42:36.0 (41512421)|CODE_UNIT_FINISHED|Aura
11:42:36.0 (41548805)|CODE_UNIT_FINISHED|Aura
11:42:36.0 (42647329)|EXECUTION_FINISHED
