41.0 APEX_CODE,FINER;APEX_PROFILING,ERROR;CALLOUT,ERROR;DB,ERROR;SYSTEM,ERROR;VALIDATION,ERROR;VISUALFORCE,ERROR;WAVE,NONE;WORKFLOW,ERROR
11:43:19.0 (55303)|USER_INFO|[EXTERNAL]|0059E000002qaT2|arkadiusz.celej@ef.com.sprintqa|Central European Time|GMT+01:00
11:43:19.0 (88007)|EXECUTION_STARTED
11:43:19.0 (92306)|CODE_UNIT_STARTED|[EXTERNAL]|Aura
11:43:19.0 (1295085)|CODE_UNIT_STARTED|[EXTERNAL]|01p9E000000OaMG|MyProductivity.getMyStatistics
11:43:19.0 (1407293)|HEAP_ALLOCATE|[72]|Bytes:3
11:43:19.0 (1447323)|HEAP_ALLOCATE|[77]|Bytes:152
11:43:19.0 (1461264)|HEAP_ALLOCATE|[342]|Bytes:408
11:43:19.0 (1476467)|HEAP_ALLOCATE|[355]|Bytes:408
11:43:19.0 (1489510)|HEAP_ALLOCATE|[467]|Bytes:48
11:43:19.0 (1514850)|HEAP_ALLOCATE|[139]|Bytes:6
11:43:19.0 (1576200)|HEAP_ALLOCATE|[EXTERNAL]|Bytes:12
11:43:19.0 (1581533)|HEAP_ALLOCATE|[EXTERNAL]|Bytes:13
11:43:19.0 (1591445)|METHOD_ENTRY|[1]|01p9E000000OaMG|MyProductivity.MyProductivity()
11:43:19.0 (1597295)|STATEMENT_EXECUTE|[1]
11:43:19.0 (1601504)|STATEMENT_EXECUTE|[1]
11:43:19.0 (1628930)|HEAP_ALLOCATE|[50]|Bytes:5
11:43:19.0 (1649396)|HEAP_ALLOCATE|[56]|Bytes:5
11:43:19.0 (1656192)|HEAP_ALLOCATE|[64]|Bytes:7
11:43:19.0 (1679016)|STATEMENT_EXECUTE|[3]
11:43:19.0 (1709930)|HEAP_ALLOCATE|[3]|Bytes:85
11:43:19.0 (1719199)|SYSTEM_METHOD_ENTRY|[1]|UserInfo.UserInfo()
11:43:19.0 (1722545)|STATEMENT_EXECUTE|[1]
11:43:19.0 (1728673)|SYSTEM_METHOD_EXIT|[1]|UserInfo
11:43:19.0 (1741026)|METHOD_ENTRY|[3]||System.UserInfo.getUserId()
11:43:19.0 (1801867)|METHOD_EXIT|[3]||System.UserInfo.getUserId()
11:43:19.0 (1818380)|HEAP_ALLOCATE|[3]|Bytes:4
11:43:19.0 (1823944)|STATEMENT_EXECUTE|[36]
11:43:19.0 (1833946)|METHOD_EXIT|[1]|MyProductivity
11:43:19.0 (1852478)|STATEMENT_EXECUTE|[6]
11:43:19.0 (1854368)|STATEMENT_EXECUTE|[7]
11:43:19.0 (1855471)|STATEMENT_EXECUTE|[7]
11:43:19.0 (1856635)|STATEMENT_EXECUTE|[8]
11:43:19.0 (1923049)|HEAP_ALLOCATE|[8]|Bytes:20
11:43:19.0 (1936484)|CONSTRUCTOR_ENTRY|[8]|01p9E000000OaMG|<init>()
11:43:19.0 (1956869)|HEAP_ALLOCATE|[EXTERNAL]|Bytes:6
11:43:19.0 (1970232)|STATEMENT_EXECUTE|[36]
11:43:19.0 (1971705)|STATEMENT_EXECUTE|[38]
11:43:19.0 (1972807)|STATEMENT_EXECUTE|[40]
11:43:19.0 (1973912)|STATEMENT_EXECUTE|[42]
11:43:19.0 (1974924)|STATEMENT_EXECUTE|[44]
11:43:19.0 (1978378)|CONSTRUCTOR_EXIT|[8]|01p9E000000OaMG|<init>()
11:43:19.0 (1982485)|STATEMENT_EXECUTE|[9]
11:43:19.0 (1988912)|METHOD_ENTRY|[9]|01p9E000000OaMG|MyProductivity.calculateMyCompletedTasks()
11:43:19.0 (2007596)|STATEMENT_EXECUTE|[20]
11:43:19.0 (2009699)|STATEMENT_EXECUTE|[21]
11:43:19.0 (2129772)|HEAP_ALLOCATE|[21]|Bytes:36
11:43:19.0 (2138761)|METHOD_ENTRY|[13]|01p9E000000B0Gj|TasksSelector.TasksSelector()
11:43:19.0 (2142813)|STATEMENT_EXECUTE|[13]
11:43:19.0 (2145302)|STATEMENT_EXECUTE|[13]
11:43:19.0 (2148006)|METHOD_EXIT|[13]|TasksSelector
11:43:19.0 (2157436)|METHOD_ENTRY|[21]|01p9E000000B0Gj|TasksSelector.getTasksClosedTodayByUser(Id)
11:43:19.0 (2170205)|STATEMENT_EXECUTE|[103]
11:43:19.0 (2171752)|STATEMENT_EXECUTE|[104]
11:43:19.0 (2174202)|HEAP_ALLOCATE|[104]|Bytes:95
11:43:19.0 (2194270)|HEAP_ALLOCATE|[104]|Bytes:4
11:43:19.0 (2205472)|HEAP_ALLOCATE|[104]|Bytes:7
11:43:19.0 (6821064)|HEAP_ALLOCATE|[104]|Bytes:4
11:43:19.0 (6834559)|HEAP_ALLOCATE|[104]|Bytes:0
11:43:19.0 (6934808)|HEAP_ALLOCATE|[104]|Bytes:4
11:43:19.0 (6948902)|METHOD_EXIT|[21]|01p9E000000B0Gj|TasksSelector.getTasksClosedTodayByUser(Id)
11:43:19.0 (7000531)|METHOD_EXIT|[9]|01p9E000000OaMG|MyProductivity.calculateMyCompletedTasks()
11:43:19.0 (7008853)|HEAP_ALLOCATE|[9]|Bytes:4
11:43:19.0 (7013068)|STATEMENT_EXECUTE|[10]
11:43:19.0 (7020417)|METHOD_ENTRY|[10]|01p9E000000OaMG|MyProductivity.calculateMyReachedTasks()
11:43:19.0 (7044465)|STATEMENT_EXECUTE|[24]
11:43:19.0 (7046268)|STATEMENT_EXECUTE|[25]
11:43:19.0 (7054371)|METHOD_ENTRY|[25]|01p9E000000B0Gj|TasksSelector.getTodaysCallTasksReachedByUser(Id)
11:43:19.0 (7066210)|STATEMENT_EXECUTE|[96]
11:43:19.0 (7067378)|STATEMENT_EXECUTE|[97]
11:43:19.0 (7070404)|HEAP_ALLOCATE|[97]|Bytes:127
11:43:19.0 (7082625)|HEAP_ALLOCATE|[97]|Bytes:4
11:43:19.0 (11622765)|HEAP_ALLOCATE|[97]|Bytes:4
11:43:19.0 (11635936)|HEAP_ALLOCATE|[97]|Bytes:0
11:43:19.0 (11665290)|HEAP_ALLOCATE|[97]|Bytes:4
11:43:19.0 (11677724)|METHOD_EXIT|[25]|01p9E000000B0Gj|TasksSelector.getTodaysCallTasksReachedByUser(Id)
11:43:19.0 (11697242)|METHOD_EXIT|[10]|01p9E000000OaMG|MyProductivity.calculateMyReachedTasks()
11:43:19.0 (11703434)|HEAP_ALLOCATE|[10]|Bytes:4
11:43:19.0 (11707395)|STATEMENT_EXECUTE|[11]
11:43:19.0 (11713917)|METHOD_ENTRY|[11]|01p9E000000OaMG|MyProductivity.calculateWeeksBooked()
11:43:19.0 (11737653)|STATEMENT_EXECUTE|[32]
11:43:19.0 (11739290)|STATEMENT_EXECUTE|[33]
11:43:19.0 (11743974)|METHOD_EXIT|[11]|01p9E000000OaMG|MyProductivity.calculateWeeksBooked()
11:43:19.0 (11749381)|HEAP_ALLOCATE|[11]|Bytes:4
11:43:19.0 (11752347)|STATEMENT_EXECUTE|[12]
11:43:19.0 (11756904)|METHOD_ENTRY|[12]|01p9E000000OaMG|MyProductivity.myLeads()
11:43:19.0 (11774751)|STATEMENT_EXECUTE|[28]
11:43:19.0 (11776148)|STATEMENT_EXECUTE|[29]
11:43:19.0 (11779016)|HEAP_ALLOCATE|[29]|Bytes:8
11:43:19.0 (11783176)|HEAP_ALLOCATE|[29]|Bytes:4
11:43:19.0 (11792353)|METHOD_ENTRY|[29]|01p9E000000B0Gj|TasksSelector.getTodaysTasksByTypeAndWhoType(String, String)
11:43:19.0 (11803889)|STATEMENT_EXECUTE|[87]
11:43:19.0 (11805238)|STATEMENT_EXECUTE|[88]
11:43:19.0 (11807043)|HEAP_ALLOCATE|[88]|Bytes:191
11:43:19.0 (11818263)|HEAP_ALLOCATE|[88]|Bytes:4
11:43:19.0 (11830048)|HEAP_ALLOCATE|[88]|Bytes:7
11:43:19.0 (30348360)|HEAP_ALLOCATE|[88]|Bytes:8
11:43:19.0 (30376579)|HEAP_ALLOCATE|[88]|Bytes:16
11:43:19.0 (30463806)|HEAP_ALLOCATE|[88]|Bytes:8
11:43:19.0 (30488003)|METHOD_EXIT|[29]|01p9E000000B0Gj|TasksSelector.getTodaysTasksByTypeAndWhoType(String, String)
11:43:19.0 (30537061)|HEAP_ALLOCATE|[29]|Bytes:8
11:43:19.0 (30546460)|HEAP_ALLOCATE|[29]|Bytes:3
11:43:19.0 (30618853)|METHOD_EXIT|[12]|01p9E000000OaMG|MyProductivity.myLeads()
11:43:19.0 (30628853)|HEAP_ALLOCATE|[12]|Bytes:4
11:43:19.0 (30633841)|STATEMENT_EXECUTE|[13]
11:43:19.0 (30681788)|CODE_UNIT_FINISHED|MyProductivity.getMyStatistics
11:43:19.0 (32130533)|CODE_UNIT_STARTED|[EXTERNAL]|Aura
11:43:19.0 (32171581)|CODE_UNIT_FINISHED|Aura
11:43:19.0 (32196143)|CODE_UNIT_FINISHED|Aura
11:43:19.0 (32991818)|EXECUTION_FINISHED
