41.0 APEX_CODE,FINER;APEX_PROFILING,ERROR;CALLOUT,ERROR;DB,ERROR;SYSTEM,ERROR;VALIDATION,ERROR;VISUALFORCE,ERROR;WAVE,NONE;WORKFLOW,ERROR
11:44:12.0 (68484)|USER_INFO|[EXTERNAL]|0059E000002qaT2|arkadiusz.celej@ef.com.sprintqa|Central European Time|GMT+01:00
11:44:12.0 (99656)|EXECUTION_STARTED
11:44:12.0 (103173)|CODE_UNIT_STARTED|[EXTERNAL]|Aura
11:44:12.0 (1138455)|CODE_UNIT_STARTED|[EXTERNAL]|01p9E000000OaMG|MyProductivity.getMyStatistics
11:44:12.0 (1239937)|HEAP_ALLOCATE|[72]|Bytes:3
11:44:12.0 (1271986)|HEAP_ALLOCATE|[77]|Bytes:152
11:44:12.0 (1285781)|HEAP_ALLOCATE|[342]|Bytes:408
11:44:12.0 (1299965)|HEAP_ALLOCATE|[355]|Bytes:408
11:44:12.0 (1313186)|HEAP_ALLOCATE|[467]|Bytes:48
11:44:12.0 (1337325)|HEAP_ALLOCATE|[139]|Bytes:6
11:44:12.0 (1402132)|HEAP_ALLOCATE|[EXTERNAL]|Bytes:12
11:44:12.0 (1406844)|HEAP_ALLOCATE|[EXTERNAL]|Bytes:13
11:44:12.0 (1416283)|METHOD_ENTRY|[1]|01p9E000000OaMG|MyProductivity.MyProductivity()
11:44:12.0 (1421529)|STATEMENT_EXECUTE|[1]
11:44:12.0 (1426051)|STATEMENT_EXECUTE|[1]
11:44:12.0 (1452230)|HEAP_ALLOCATE|[50]|Bytes:5
11:44:12.0 (1481469)|HEAP_ALLOCATE|[56]|Bytes:5
11:44:12.0 (1496849)|HEAP_ALLOCATE|[64]|Bytes:7
11:44:12.0 (1521960)|STATEMENT_EXECUTE|[3]
11:44:12.0 (1552369)|HEAP_ALLOCATE|[3]|Bytes:85
11:44:12.0 (1561220)|SYSTEM_METHOD_ENTRY|[1]|UserInfo.UserInfo()
11:44:12.0 (1564194)|STATEMENT_EXECUTE|[1]
11:44:12.0 (1569909)|SYSTEM_METHOD_EXIT|[1]|UserInfo
11:44:12.0 (1581614)|METHOD_ENTRY|[3]||System.UserInfo.getUserId()
11:44:12.0 (1636663)|METHOD_EXIT|[3]||System.UserInfo.getUserId()
11:44:12.0 (1651875)|HEAP_ALLOCATE|[3]|Bytes:4
11:44:12.0 (1657707)|STATEMENT_EXECUTE|[36]
11:44:12.0 (1666797)|METHOD_EXIT|[1]|MyProductivity
11:44:12.0 (1684741)|STATEMENT_EXECUTE|[6]
11:44:12.0 (1686522)|STATEMENT_EXECUTE|[7]
11:44:12.0 (1687614)|STATEMENT_EXECUTE|[7]
11:44:12.0 (1688690)|STATEMENT_EXECUTE|[8]
11:44:12.0 (1777760)|HEAP_ALLOCATE|[8]|Bytes:20
11:44:12.0 (1796261)|CONSTRUCTOR_ENTRY|[8]|01p9E000000OaMG|<init>()
11:44:12.0 (1820146)|HEAP_ALLOCATE|[EXTERNAL]|Bytes:6
11:44:12.0 (1857136)|STATEMENT_EXECUTE|[36]
11:44:12.0 (1859027)|STATEMENT_EXECUTE|[38]
11:44:12.0 (1860153)|STATEMENT_EXECUTE|[40]
11:44:12.0 (1861327)|STATEMENT_EXECUTE|[42]
11:44:12.0 (1862386)|STATEMENT_EXECUTE|[44]
11:44:12.0 (1866359)|CONSTRUCTOR_EXIT|[8]|01p9E000000OaMG|<init>()
11:44:12.0 (1871205)|STATEMENT_EXECUTE|[9]
11:44:12.0 (1878624)|METHOD_ENTRY|[9]|01p9E000000OaMG|MyProductivity.calculateMyCompletedTasks()
11:44:12.0 (1903282)|STATEMENT_EXECUTE|[20]
11:44:12.0 (1907729)|STATEMENT_EXECUTE|[21]
11:44:12.0 (2036847)|HEAP_ALLOCATE|[21]|Bytes:36
11:44:12.0 (2047316)|METHOD_ENTRY|[13]|01p9E000000B0Gj|TasksSelector.TasksSelector()
11:44:12.0 (2051567)|STATEMENT_EXECUTE|[13]
11:44:12.0 (2054170)|STATEMENT_EXECUTE|[13]
11:44:12.0 (2056865)|METHOD_EXIT|[13]|TasksSelector
11:44:12.0 (2069280)|METHOD_ENTRY|[21]|01p9E000000B0Gj|TasksSelector.getTasksClosedTodayByUser(Id)
11:44:12.0 (2082838)|STATEMENT_EXECUTE|[103]
11:44:12.0 (2084378)|STATEMENT_EXECUTE|[104]
11:44:12.0 (2086770)|HEAP_ALLOCATE|[104]|Bytes:95
11:44:12.0 (2103653)|HEAP_ALLOCATE|[104]|Bytes:4
11:44:12.0 (2113781)|HEAP_ALLOCATE|[104]|Bytes:7
11:44:12.0 (9228319)|HEAP_ALLOCATE|[104]|Bytes:4
11:44:12.0 (9244704)|HEAP_ALLOCATE|[104]|Bytes:0
11:44:12.0 (9329497)|HEAP_ALLOCATE|[104]|Bytes:4
11:44:12.0 (9347878)|METHOD_EXIT|[21]|01p9E000000B0Gj|TasksSelector.getTasksClosedTodayByUser(Id)
11:44:12.0 (9388521)|METHOD_EXIT|[9]|01p9E000000OaMG|MyProductivity.calculateMyCompletedTasks()
11:44:12.0 (9396772)|HEAP_ALLOCATE|[9]|Bytes:4
11:44:12.0 (9400945)|STATEMENT_EXECUTE|[10]
11:44:12.0 (9409237)|METHOD_ENTRY|[10]|01p9E000000OaMG|MyProductivity.calculateMyReachedTasks()
11:44:12.0 (9437747)|STATEMENT_EXECUTE|[24]
11:44:12.0 (9439470)|STATEMENT_EXECUTE|[25]
11:44:12.0 (9448931)|METHOD_ENTRY|[25]|01p9E000000B0Gj|TasksSelector.getTodaysCallTasksReachedByUser(Id)
11:44:12.0 (9461187)|STATEMENT_EXECUTE|[96]
11:44:12.0 (9462425)|STATEMENT_EXECUTE|[97]
11:44:12.0 (9465510)|HEAP_ALLOCATE|[97]|Bytes:127
11:44:12.0 (9478008)|HEAP_ALLOCATE|[97]|Bytes:4
11:44:12.0 (14341047)|HEAP_ALLOCATE|[97]|Bytes:4
11:44:12.0 (14354763)|HEAP_ALLOCATE|[97]|Bytes:0
11:44:12.0 (14384792)|HEAP_ALLOCATE|[97]|Bytes:4
11:44:12.0 (14400127)|METHOD_EXIT|[25]|01p9E000000B0Gj|TasksSelector.getTodaysCallTasksReachedByUser(Id)
11:44:12.0 (14420119)|METHOD_EXIT|[10]|01p9E000000OaMG|MyProductivity.calculateMyReachedTasks()
11:44:12.0 (14427425)|HEAP_ALLOCATE|[10]|Bytes:4
11:44:12.0 (14431555)|STATEMENT_EXECUTE|[11]
11:44:12.0 (14438825)|METHOD_ENTRY|[11]|01p9E000000OaMG|MyProductivity.calculateWeeksBooked()
11:44:12.0 (14466237)|STATEMENT_EXECUTE|[32]
11:44:12.0 (14467898)|STATEMENT_EXECUTE|[33]
11:44:12.0 (14472919)|METHOD_EXIT|[11]|01p9E000000OaMG|MyProductivity.calculateWeeksBooked()
11:44:12.0 (14477846)|HEAP_ALLOCATE|[11]|Bytes:4
11:44:12.0 (14480654)|STATEMENT_EXECUTE|[12]
11:44:12.0 (14485094)|METHOD_ENTRY|[12]|01p9E000000OaMG|MyProductivity.myLeads()
11:44:12.0 (14498054)|STATEMENT_EXECUTE|[28]
11:44:12.0 (14499334)|STATEMENT_EXECUTE|[29]
11:44:12.0 (14502399)|HEAP_ALLOCATE|[29]|Bytes:8
11:44:12.0 (14506544)|HEAP_ALLOCATE|[29]|Bytes:4
11:44:12.0 (14516947)|METHOD_ENTRY|[29]|01p9E000000B0Gj|TasksSelector.getTodaysTasksByTypeAndWhoType(String, String)
11:44:12.0 (14528005)|STATEMENT_EXECUTE|[87]
11:44:12.0 (14529298)|STATEMENT_EXECUTE|[88]
11:44:12.0 (14531102)|HEAP_ALLOCATE|[88]|Bytes:191
11:44:12.0 (14542652)|HEAP_ALLOCATE|[88]|Bytes:4
11:44:12.0 (14556333)|HEAP_ALLOCATE|[88]|Bytes:7
11:44:12.0 (35516994)|HEAP_ALLOCATE|[88]|Bytes:8
11:44:12.0 (35547953)|HEAP_ALLOCATE|[88]|Bytes:16
11:44:12.0 (35615202)|HEAP_ALLOCATE|[88]|Bytes:8
11:44:12.0 (35641010)|METHOD_EXIT|[29]|01p9E000000B0Gj|TasksSelector.getTodaysTasksByTypeAndWhoType(String, String)
11:44:12.0 (35679183)|HEAP_ALLOCATE|[29]|Bytes:8
11:44:12.0 (35686047)|HEAP_ALLOCATE|[29]|Bytes:3
11:44:12.0 (35749258)|METHOD_EXIT|[12]|01p9E000000OaMG|MyProductivity.myLeads()
11:44:12.0 (35758991)|HEAP_ALLOCATE|[12]|Bytes:4
11:44:12.0 (35763882)|STATEMENT_EXECUTE|[13]
11:44:12.0 (35814638)|CODE_UNIT_FINISHED|MyProductivity.getMyStatistics
11:44:12.0 (37130534)|CODE_UNIT_STARTED|[EXTERNAL]|Aura
11:44:12.0 (37191438)|CODE_UNIT_FINISHED|Aura
11:44:12.0 (37226853)|CODE_UNIT_FINISHED|Aura
11:44:12.0 (38083804)|EXECUTION_FINISHED
