41.0 APEX_CODE,FINER;APEX_PROFILING,ERROR;CALLOUT,ERROR;DB,ERROR;SYSTEM,ERROR;VALIDATION,ERROR;VISUALFORCE,ERROR;WAVE,NONE;WORKFLOW,ERROR
11:40:42.0 (61693)|USER_INFO|[EXTERNAL]|0059E000002qaT2|arkadiusz.celej@ef.com.sprintqa|Central European Time|GMT+01:00
11:40:42.0 (95258)|EXECUTION_STARTED
11:40:42.0 (99195)|CODE_UNIT_STARTED|[EXTERNAL]|Aura
11:40:42.0 (1077108)|CODE_UNIT_STARTED|[EXTERNAL]|01p9E000000OaMG|MyProductivity.getMyStatistics
11:40:42.0 (1175892)|HEAP_ALLOCATE|[72]|Bytes:3
11:40:42.0 (1208415)|HEAP_ALLOCATE|[77]|Bytes:152
11:40:42.0 (1226275)|HEAP_ALLOCATE|[342]|Bytes:408
11:40:42.0 (1241713)|HEAP_ALLOCATE|[355]|Bytes:408
11:40:42.0 (1254933)|HEAP_ALLOCATE|[467]|Bytes:48
11:40:42.0 (1279916)|HEAP_ALLOCATE|[139]|Bytes:6
11:40:42.0 (1338542)|HEAP_ALLOCATE|[EXTERNAL]|Bytes:12
11:40:42.0 (1343724)|HEAP_ALLOCATE|[EXTERNAL]|Bytes:13
11:40:42.0 (1353462)|METHOD_ENTRY|[1]|01p9E000000OaMG|MyProductivity.MyProductivity()
11:40:42.0 (1358815)|STATEMENT_EXECUTE|[1]
11:40:42.0 (1363177)|STATEMENT_EXECUTE|[1]
11:40:42.0 (1390112)|HEAP_ALLOCATE|[50]|Bytes:5
11:40:42.0 (1407342)|HEAP_ALLOCATE|[56]|Bytes:5
11:40:42.0 (1414136)|HEAP_ALLOCATE|[64]|Bytes:7
11:40:42.0 (1438824)|STATEMENT_EXECUTE|[3]
11:40:42.0 (1467952)|HEAP_ALLOCATE|[3]|Bytes:85
11:40:42.0 (1476589)|SYSTEM_METHOD_ENTRY|[1]|UserInfo.UserInfo()
11:40:42.0 (1479451)|STATEMENT_EXECUTE|[1]
11:40:42.0 (1485368)|SYSTEM_METHOD_EXIT|[1]|UserInfo
11:40:42.0 (1499466)|METHOD_ENTRY|[3]||System.UserInfo.getUserId()
11:40:42.0 (1552702)|METHOD_EXIT|[3]||System.UserInfo.getUserId()
11:40:42.0 (1569545)|HEAP_ALLOCATE|[3]|Bytes:4
11:40:42.0 (1574991)|STATEMENT_EXECUTE|[36]
11:40:42.0 (1583964)|METHOD_EXIT|[1]|MyProductivity
11:40:42.0 (1601374)|STATEMENT_EXECUTE|[6]
11:40:42.0 (1603053)|STATEMENT_EXECUTE|[7]
11:40:42.0 (1604136)|STATEMENT_EXECUTE|[7]
11:40:42.0 (1605209)|STATEMENT_EXECUTE|[8]
11:40:42.0 (1669784)|HEAP_ALLOCATE|[8]|Bytes:20
11:40:42.0 (1683378)|CONSTRUCTOR_ENTRY|[8]|01p9E000000OaMG|<init>()
11:40:42.0 (1703659)|HEAP_ALLOCATE|[EXTERNAL]|Bytes:6
11:40:42.0 (1717058)|STATEMENT_EXECUTE|[36]
11:40:42.0 (1718592)|STATEMENT_EXECUTE|[38]
11:40:42.0 (1719679)|STATEMENT_EXECUTE|[40]
11:40:42.0 (1720763)|STATEMENT_EXECUTE|[42]
11:40:42.0 (1721791)|STATEMENT_EXECUTE|[44]
11:40:42.0 (1725307)|CONSTRUCTOR_EXIT|[8]|01p9E000000OaMG|<init>()
11:40:42.0 (1729510)|STATEMENT_EXECUTE|[9]
11:40:42.0 (1735739)|METHOD_ENTRY|[9]|01p9E000000OaMG|MyProductivity.calculateMyCompletedTasks()
11:40:42.0 (1755713)|STATEMENT_EXECUTE|[20]
11:40:42.0 (1757412)|STATEMENT_EXECUTE|[21]
11:40:42.0 (1881803)|HEAP_ALLOCATE|[21]|Bytes:36
11:40:42.0 (1891231)|METHOD_ENTRY|[13]|01p9E000000B0Gj|TasksSelector.TasksSelector()
11:40:42.0 (1895331)|STATEMENT_EXECUTE|[13]
11:40:42.0 (1898074)|STATEMENT_EXECUTE|[13]
11:40:42.0 (1900886)|METHOD_EXIT|[13]|TasksSelector
11:40:42.0 (1910611)|METHOD_ENTRY|[21]|01p9E000000B0Gj|TasksSelector.getTasksClosedTodayByUser(Id)
11:40:42.0 (1924042)|STATEMENT_EXECUTE|[103]
11:40:42.0 (1925528)|STATEMENT_EXECUTE|[104]
11:40:42.0 (1927948)|HEAP_ALLOCATE|[104]|Bytes:95
11:40:42.0 (1943701)|HEAP_ALLOCATE|[104]|Bytes:4
11:40:42.0 (1952467)|HEAP_ALLOCATE|[104]|Bytes:7
11:40:42.0 (7244432)|HEAP_ALLOCATE|[104]|Bytes:4
11:40:42.0 (7260971)|HEAP_ALLOCATE|[104]|Bytes:0
11:40:42.0 (7383880)|HEAP_ALLOCATE|[104]|Bytes:4
11:40:42.0 (7404735)|METHOD_EXIT|[21]|01p9E000000B0Gj|TasksSelector.getTasksClosedTodayByUser(Id)
11:40:42.0 (7464425)|METHOD_EXIT|[9]|01p9E000000OaMG|MyProductivity.calculateMyCompletedTasks()
11:40:42.0 (7474030)|HEAP_ALLOCATE|[9]|Bytes:4
11:40:42.0 (7478828)|STATEMENT_EXECUTE|[10]
11:40:42.0 (7487669)|METHOD_ENTRY|[10]|01p9E000000OaMG|MyProductivity.calculateMyReachedTasks()
11:40:42.0 (7517030)|STATEMENT_EXECUTE|[24]
11:40:42.0 (7518790)|STATEMENT_EXECUTE|[25]
11:40:42.0 (7528624)|METHOD_ENTRY|[25]|01p9E000000B0Gj|TasksSelector.getTodaysCallTasksReachedByUser(Id)
11:40:42.0 (7541139)|STATEMENT_EXECUTE|[96]
11:40:42.0 (7542270)|STATEMENT_EXECUTE|[97]
11:40:42.0 (7546635)|HEAP_ALLOCATE|[97]|Bytes:127
11:40:42.0 (7562026)|HEAP_ALLOCATE|[97]|Bytes:4
11:40:42.0 (13150342)|HEAP_ALLOCATE|[97]|Bytes:4
11:40:42.0 (13166522)|HEAP_ALLOCATE|[97]|Bytes:0
11:40:42.0 (13199170)|HEAP_ALLOCATE|[97]|Bytes:4
11:40:42.0 (13219811)|METHOD_EXIT|[25]|01p9E000000B0Gj|TasksSelector.getTodaysCallTasksReachedByUser(Id)
11:40:42.0 (13262600)|METHOD_EXIT|[10]|01p9E000000OaMG|MyProductivity.calculateMyReachedTasks()
11:40:42.0 (13274726)|HEAP_ALLOCATE|[10]|Bytes:4
11:40:42.0 (13281815)|STATEMENT_EXECUTE|[11]
11:40:42.0 (13292660)|METHOD_ENTRY|[11]|01p9E000000OaMG|MyProductivity.calculateWeeksBooked()
11:40:42.0 (13325175)|STATEMENT_EXECUTE|[32]
11:40:42.0 (13326876)|STATEMENT_EXECUTE|[33]
11:40:42.0 (13332862)|METHOD_EXIT|[11]|01p9E000000OaMG|MyProductivity.calculateWeeksBooked()
11:40:42.0 (13338230)|HEAP_ALLOCATE|[11]|Bytes:4
11:40:42.0 (13341016)|STATEMENT_EXECUTE|[12]
11:40:42.0 (13345826)|METHOD_ENTRY|[12]|01p9E000000OaMG|MyProductivity.myLeads()
11:40:42.0 (13371220)|STATEMENT_EXECUTE|[28]
11:40:42.0 (13372857)|STATEMENT_EXECUTE|[29]
11:40:42.0 (13376326)|HEAP_ALLOCATE|[29]|Bytes:8
11:40:42.0 (13381440)|HEAP_ALLOCATE|[29]|Bytes:4
11:40:42.0 (13402037)|METHOD_ENTRY|[29]|01p9E000000B0Gj|TasksSelector.getTodaysTasksByTypeAndWhoType(String, String)
11:40:42.0 (13423518)|STATEMENT_EXECUTE|[87]
11:40:42.0 (13425541)|STATEMENT_EXECUTE|[88]
11:40:42.0 (13428782)|HEAP_ALLOCATE|[88]|Bytes:191
11:40:42.0 (13446813)|HEAP_ALLOCATE|[88]|Bytes:4
11:40:42.0 (13462823)|HEAP_ALLOCATE|[88]|Bytes:7
11:40:42.0 (36028924)|HEAP_ALLOCATE|[88]|Bytes:8
11:40:42.0 (36066927)|HEAP_ALLOCATE|[88]|Bytes:16
11:40:42.0 (36180714)|HEAP_ALLOCATE|[88]|Bytes:8
11:40:42.0 (36210427)|METHOD_EXIT|[29]|01p9E000000B0Gj|TasksSelector.getTodaysTasksByTypeAndWhoType(String, String)
11:40:42.0 (36263939)|HEAP_ALLOCATE|[29]|Bytes:8
11:40:42.0 (36274361)|HEAP_ALLOCATE|[29]|Bytes:3
11:40:42.0 (36352943)|METHOD_EXIT|[12]|01p9E000000OaMG|MyProductivity.myLeads()
11:40:42.0 (36364371)|HEAP_ALLOCATE|[12]|Bytes:4
11:40:42.0 (36370292)|STATEMENT_EXECUTE|[13]
11:40:42.0 (36419459)|CODE_UNIT_FINISHED|MyProductivity.getMyStatistics
11:40:42.0 (37668664)|CODE_UNIT_STARTED|[EXTERNAL]|Aura
11:40:42.0 (37719227)|CODE_UNIT_FINISHED|Aura
11:40:42.0 (37748166)|CODE_UNIT_FINISHED|Aura
11:40:42.0 (38672819)|EXECUTION_FINISHED
