41.0 APEX_CODE,FINER;APEX_PROFILING,ERROR;CALLOUT,ERROR;DB,ERROR;SYSTEM,ERROR;VALIDATION,ERROR;VISUALFORCE,ERROR;WAVE,NONE;WORKFLOW,ERROR
11:43:16.0 (61289)|USER_INFO|[EXTERNAL]|0059E000002qaT2|arkadiusz.celej@ef.com.sprintqa|Central European Time|GMT+01:00
11:43:16.0 (105194)|EXECUTION_STARTED
11:43:16.0 (109527)|CODE_UNIT_STARTED|[EXTERNAL]|Aura
11:43:16.0 (1045762)|CODE_UNIT_STARTED|[EXTERNAL]|01p9E000000OaMG|MyProductivity.getMyStatistics
11:43:16.0 (1185314)|HEAP_ALLOCATE|[72]|Bytes:3
11:43:16.0 (1227112)|HEAP_ALLOCATE|[77]|Bytes:152
11:43:16.0 (1241981)|HEAP_ALLOCATE|[342]|Bytes:408
11:43:16.0 (1256881)|HEAP_ALLOCATE|[355]|Bytes:408
11:43:16.0 (1270178)|HEAP_ALLOCATE|[467]|Bytes:48
11:43:16.0 (1312565)|HEAP_ALLOCATE|[139]|Bytes:6
11:43:16.0 (1384580)|HEAP_ALLOCATE|[EXTERNAL]|Bytes:12
11:43:16.0 (1389781)|HEAP_ALLOCATE|[EXTERNAL]|Bytes:13
11:43:16.0 (1400112)|METHOD_ENTRY|[1]|01p9E000000OaMG|MyProductivity.MyProductivity()
11:43:16.0 (1406613)|STATEMENT_EXECUTE|[1]
11:43:16.0 (1410595)|STATEMENT_EXECUTE|[1]
11:43:16.0 (1438610)|HEAP_ALLOCATE|[50]|Bytes:5
11:43:16.0 (1476498)|HEAP_ALLOCATE|[56]|Bytes:5
11:43:16.0 (1489987)|HEAP_ALLOCATE|[64]|Bytes:7
11:43:16.0 (1519399)|STATEMENT_EXECUTE|[3]
11:43:16.0 (1552324)|HEAP_ALLOCATE|[3]|Bytes:85
11:43:16.0 (1561235)|SYSTEM_METHOD_ENTRY|[1]|UserInfo.UserInfo()
11:43:16.0 (1564375)|STATEMENT_EXECUTE|[1]
11:43:16.0 (1571002)|SYSTEM_METHOD_EXIT|[1]|UserInfo
11:43:16.0 (1583369)|METHOD_ENTRY|[3]||System.UserInfo.getUserId()
11:43:16.0 (1662486)|METHOD_EXIT|[3]||System.UserInfo.getUserId()
11:43:16.0 (1682695)|HEAP_ALLOCATE|[3]|Bytes:4
11:43:16.0 (1689779)|STATEMENT_EXECUTE|[36]
11:43:16.0 (1699708)|METHOD_EXIT|[1]|MyProductivity
11:43:16.0 (1732114)|STATEMENT_EXECUTE|[6]
11:43:16.0 (1734409)|STATEMENT_EXECUTE|[7]
11:43:16.0 (1735424)|STATEMENT_EXECUTE|[7]
11:43:16.0 (1736508)|STATEMENT_EXECUTE|[8]
11:43:16.0 (1819603)|HEAP_ALLOCATE|[8]|Bytes:20
11:43:16.0 (1838704)|CONSTRUCTOR_ENTRY|[8]|01p9E000000OaMG|<init>()
11:43:16.0 (1863373)|HEAP_ALLOCATE|[EXTERNAL]|Bytes:6
11:43:16.0 (1881756)|STATEMENT_EXECUTE|[36]
11:43:16.0 (1883367)|STATEMENT_EXECUTE|[38]
11:43:16.0 (1884515)|STATEMENT_EXECUTE|[40]
11:43:16.0 (1885666)|STATEMENT_EXECUTE|[42]
11:43:16.0 (1886722)|STATEMENT_EXECUTE|[44]
11:43:16.0 (1890421)|CONSTRUCTOR_EXIT|[8]|01p9E000000OaMG|<init>()
11:43:16.0 (1895131)|STATEMENT_EXECUTE|[9]
11:43:16.0 (1901955)|METHOD_ENTRY|[9]|01p9E000000OaMG|MyProductivity.calculateMyCompletedTasks()
11:43:16.0 (1922166)|STATEMENT_EXECUTE|[20]
11:43:16.0 (1923831)|STATEMENT_EXECUTE|[21]
11:43:16.0 (2078261)|HEAP_ALLOCATE|[21]|Bytes:36
11:43:16.0 (2088639)|METHOD_ENTRY|[13]|01p9E000000B0Gj|TasksSelector.TasksSelector()
11:43:16.0 (2092968)|STATEMENT_EXECUTE|[13]
11:43:16.0 (2095806)|STATEMENT_EXECUTE|[13]
11:43:16.0 (2098982)|METHOD_EXIT|[13]|TasksSelector
11:43:16.0 (2108316)|METHOD_ENTRY|[21]|01p9E000000B0Gj|TasksSelector.getTasksClosedTodayByUser(Id)
11:43:16.0 (2121936)|STATEMENT_EXECUTE|[103]
11:43:16.0 (2123519)|STATEMENT_EXECUTE|[104]
11:43:16.0 (2126082)|HEAP_ALLOCATE|[104]|Bytes:95
11:43:16.0 (2148005)|HEAP_ALLOCATE|[104]|Bytes:4
11:43:16.0 (2174708)|HEAP_ALLOCATE|[104]|Bytes:7
11:43:16.0 (37376693)|HEAP_ALLOCATE|[104]|Bytes:4
11:43:16.0 (37393389)|HEAP_ALLOCATE|[104]|Bytes:0
11:43:16.0 (37531623)|HEAP_ALLOCATE|[104]|Bytes:4
11:43:16.0 (37550830)|METHOD_EXIT|[21]|01p9E000000B0Gj|TasksSelector.getTasksClosedTodayByUser(Id)
11:43:16.0 (37608556)|METHOD_EXIT|[9]|01p9E000000OaMG|MyProductivity.calculateMyCompletedTasks()
11:43:16.0 (37618231)|HEAP_ALLOCATE|[9]|Bytes:4
11:43:16.0 (37622981)|STATEMENT_EXECUTE|[10]
11:43:16.0 (37647231)|METHOD_ENTRY|[10]|01p9E000000OaMG|MyProductivity.calculateMyReachedTasks()
11:43:16.0 (37684666)|STATEMENT_EXECUTE|[24]
11:43:16.0 (37686299)|STATEMENT_EXECUTE|[25]
11:43:16.0 (37696370)|METHOD_ENTRY|[25]|01p9E000000B0Gj|TasksSelector.getTodaysCallTasksReachedByUser(Id)
11:43:16.0 (37709459)|STATEMENT_EXECUTE|[96]
11:43:16.0 (37710675)|STATEMENT_EXECUTE|[97]
11:43:16.0 (37714525)|HEAP_ALLOCATE|[97]|Bytes:127
11:43:16.0 (37729966)|HEAP_ALLOCATE|[97]|Bytes:4
11:43:16.0 (43224037)|HEAP_ALLOCATE|[97]|Bytes:4
11:43:16.0 (43243893)|HEAP_ALLOCATE|[97]|Bytes:0
11:43:16.0 (43277848)|HEAP_ALLOCATE|[97]|Bytes:4
11:43:16.0 (43292901)|METHOD_EXIT|[25]|01p9E000000B0Gj|TasksSelector.getTodaysCallTasksReachedByUser(Id)
11:43:16.0 (43314311)|METHOD_EXIT|[10]|01p9E000000OaMG|MyProductivity.calculateMyReachedTasks()
11:43:16.0 (43324735)|HEAP_ALLOCATE|[10]|Bytes:4
11:43:16.0 (43329611)|STATEMENT_EXECUTE|[11]
11:43:16.0 (43336766)|METHOD_ENTRY|[11]|01p9E000000OaMG|MyProductivity.calculateWeeksBooked()
11:43:16.0 (43379678)|STATEMENT_EXECUTE|[32]
11:43:16.0 (43382919)|STATEMENT_EXECUTE|[33]
11:43:16.0 (43391398)|METHOD_EXIT|[11]|01p9E000000OaMG|MyProductivity.calculateWeeksBooked()
11:43:16.0 (43398030)|HEAP_ALLOCATE|[11]|Bytes:4
11:43:16.0 (43400987)|STATEMENT_EXECUTE|[12]
11:43:16.0 (43406811)|METHOD_ENTRY|[12]|01p9E000000OaMG|MyProductivity.myLeads()
11:43:16.0 (43423410)|STATEMENT_EXECUTE|[28]
11:43:16.0 (43427361)|STATEMENT_EXECUTE|[29]
11:43:16.0 (43430742)|HEAP_ALLOCATE|[29]|Bytes:8
11:43:16.0 (43435552)|HEAP_ALLOCATE|[29]|Bytes:4
11:43:16.0 (43464028)|METHOD_ENTRY|[29]|01p9E000000B0Gj|TasksSelector.getTodaysTasksByTypeAndWhoType(String, String)
11:43:16.0 (43479965)|STATEMENT_EXECUTE|[87]
11:43:16.0 (43481549)|STATEMENT_EXECUTE|[88]
11:43:16.0 (43483906)|HEAP_ALLOCATE|[88]|Bytes:191
11:43:16.0 (43507444)|HEAP_ALLOCATE|[88]|Bytes:4
11:43:16.0 (43530843)|HEAP_ALLOCATE|[88]|Bytes:7
11:43:16.0 (65749887)|HEAP_ALLOCATE|[88]|Bytes:8
11:43:16.0 (65776787)|HEAP_ALLOCATE|[88]|Bytes:16
11:43:16.0 (65862859)|HEAP_ALLOCATE|[88]|Bytes:8
11:43:16.0 (65891287)|METHOD_EXIT|[29]|01p9E000000B0Gj|TasksSelector.getTodaysTasksByTypeAndWhoType(String, String)
11:43:16.0 (65963334)|HEAP_ALLOCATE|[29]|Bytes:8
11:43:16.0 (65976645)|HEAP_ALLOCATE|[29]|Bytes:3
11:43:16.0 (66100641)|METHOD_EXIT|[12]|01p9E000000OaMG|MyProductivity.myLeads()
11:43:16.0 (66120273)|HEAP_ALLOCATE|[12]|Bytes:4
11:43:16.0 (66129202)|STATEMENT_EXECUTE|[13]
11:43:16.0 (66180861)|CODE_UNIT_FINISHED|MyProductivity.getMyStatistics
11:43:16.0 (67473786)|CODE_UNIT_STARTED|[EXTERNAL]|Aura
11:43:16.0 (67536570)|CODE_UNIT_FINISHED|Aura
11:43:16.0 (67563320)|CODE_UNIT_FINISHED|Aura
11:43:16.0 (68333762)|EXECUTION_FINISHED
