41.0 APEX_CODE,FINER;APEX_PROFILING,ERROR;CALLOUT,ERROR;DB,ERROR;SYSTEM,ERROR;VALIDATION,ERROR;VISUALFORCE,ERROR;WAVE,NONE;WORKFLOW,ERROR
11:43:43.0 (69848)|USER_INFO|[EXTERNAL]|0059E000002qaT2|arkadiusz.celej@ef.com.sprintqa|Central European Time|GMT+01:00
11:43:43.0 (109179)|EXECUTION_STARTED
11:43:43.0 (114777)|CODE_UNIT_STARTED|[EXTERNAL]|Aura
11:43:43.0 (1365050)|CODE_UNIT_STARTED|[EXTERNAL]|01p9E000000OaMG|MyProductivity.getMyStatistics
11:43:43.0 (1510425)|HEAP_ALLOCATE|[72]|Bytes:3
11:43:43.0 (1555761)|HEAP_ALLOCATE|[77]|Bytes:152
11:43:43.0 (1579270)|HEAP_ALLOCATE|[342]|Bytes:408
11:43:43.0 (1598746)|HEAP_ALLOCATE|[355]|Bytes:408
11:43:43.0 (1613023)|HEAP_ALLOCATE|[467]|Bytes:48
11:43:43.0 (1640192)|HEAP_ALLOCATE|[139]|Bytes:6
11:43:43.0 (1717040)|HEAP_ALLOCATE|[EXTERNAL]|Bytes:12
11:43:43.0 (1726479)|HEAP_ALLOCATE|[EXTERNAL]|Bytes:13
11:43:43.0 (1740789)|METHOD_ENTRY|[1]|01p9E000000OaMG|MyProductivity.MyProductivity()
11:43:43.0 (1748685)|STATEMENT_EXECUTE|[1]
11:43:43.0 (1755005)|STATEMENT_EXECUTE|[1]
11:43:43.0 (1795936)|HEAP_ALLOCATE|[50]|Bytes:5
11:43:43.0 (1823104)|HEAP_ALLOCATE|[56]|Bytes:5
11:43:43.0 (1835641)|HEAP_ALLOCATE|[64]|Bytes:7
11:43:43.0 (1871052)|STATEMENT_EXECUTE|[3]
11:43:43.0 (1913587)|HEAP_ALLOCATE|[3]|Bytes:85
11:43:43.0 (1927184)|SYSTEM_METHOD_ENTRY|[1]|UserInfo.UserInfo()
11:43:43.0 (1931854)|STATEMENT_EXECUTE|[1]
11:43:43.0 (1941931)|SYSTEM_METHOD_EXIT|[1]|UserInfo
11:43:43.0 (1960694)|METHOD_ENTRY|[3]||System.UserInfo.getUserId()
11:43:43.0 (2017662)|METHOD_EXIT|[3]||System.UserInfo.getUserId()
11:43:43.0 (2034006)|HEAP_ALLOCATE|[3]|Bytes:4
11:43:43.0 (2039589)|STATEMENT_EXECUTE|[36]
11:43:43.0 (2050006)|METHOD_EXIT|[1]|MyProductivity
11:43:43.0 (2068051)|STATEMENT_EXECUTE|[6]
11:43:43.0 (2069726)|STATEMENT_EXECUTE|[7]
11:43:43.0 (2070727)|STATEMENT_EXECUTE|[7]
11:43:43.0 (2071887)|STATEMENT_EXECUTE|[8]
11:43:43.0 (2145278)|HEAP_ALLOCATE|[8]|Bytes:20
11:43:43.0 (2158601)|CONSTRUCTOR_ENTRY|[8]|01p9E000000OaMG|<init>()
11:43:43.0 (2178619)|HEAP_ALLOCATE|[EXTERNAL]|Bytes:6
11:43:43.0 (2191951)|STATEMENT_EXECUTE|[36]
11:43:43.0 (2193550)|STATEMENT_EXECUTE|[38]
11:43:43.0 (2194666)|STATEMENT_EXECUTE|[40]
11:43:43.0 (2195752)|STATEMENT_EXECUTE|[42]
11:43:43.0 (2196670)|STATEMENT_EXECUTE|[44]
11:43:43.0 (2199801)|CONSTRUCTOR_EXIT|[8]|01p9E000000OaMG|<init>()
11:43:43.0 (2203808)|STATEMENT_EXECUTE|[9]
11:43:43.0 (2210407)|METHOD_ENTRY|[9]|01p9E000000OaMG|MyProductivity.calculateMyCompletedTasks()
11:43:43.0 (2229090)|STATEMENT_EXECUTE|[20]
11:43:43.0 (2230639)|STATEMENT_EXECUTE|[21]
11:43:43.0 (2363810)|HEAP_ALLOCATE|[21]|Bytes:36
11:43:43.0 (2381023)|METHOD_ENTRY|[13]|01p9E000000B0Gj|TasksSelector.TasksSelector()
11:43:43.0 (2392193)|STATEMENT_EXECUTE|[13]
11:43:43.0 (2398871)|STATEMENT_EXECUTE|[13]
11:43:43.0 (2407810)|METHOD_EXIT|[13]|TasksSelector
11:43:43.0 (2425383)|METHOD_ENTRY|[21]|01p9E000000B0Gj|TasksSelector.getTasksClosedTodayByUser(Id)
11:43:43.0 (2459238)|STATEMENT_EXECUTE|[103]
11:43:43.0 (2462817)|STATEMENT_EXECUTE|[104]
11:43:43.0 (2468988)|HEAP_ALLOCATE|[104]|Bytes:95
11:43:43.0 (2512840)|HEAP_ALLOCATE|[104]|Bytes:4
11:43:43.0 (2530431)|HEAP_ALLOCATE|[104]|Bytes:7
11:43:43.0 (8408022)|HEAP_ALLOCATE|[104]|Bytes:4
11:43:43.0 (8433604)|HEAP_ALLOCATE|[104]|Bytes:0
11:43:43.0 (8556583)|HEAP_ALLOCATE|[104]|Bytes:4
11:43:43.0 (8574023)|METHOD_EXIT|[21]|01p9E000000B0Gj|TasksSelector.getTasksClosedTodayByUser(Id)
11:43:43.0 (8631192)|METHOD_EXIT|[9]|01p9E000000OaMG|MyProductivity.calculateMyCompletedTasks()
11:43:43.0 (8639268)|HEAP_ALLOCATE|[9]|Bytes:4
11:43:43.0 (8643393)|STATEMENT_EXECUTE|[10]
11:43:43.0 (8651341)|METHOD_ENTRY|[10]|01p9E000000OaMG|MyProductivity.calculateMyReachedTasks()
11:43:43.0 (8676591)|STATEMENT_EXECUTE|[24]
11:43:43.0 (8678104)|STATEMENT_EXECUTE|[25]
11:43:43.0 (8688174)|METHOD_ENTRY|[25]|01p9E000000B0Gj|TasksSelector.getTodaysCallTasksReachedByUser(Id)
11:43:43.0 (8700209)|STATEMENT_EXECUTE|[96]
11:43:43.0 (8701429)|STATEMENT_EXECUTE|[97]
11:43:43.0 (8704479)|HEAP_ALLOCATE|[97]|Bytes:127
11:43:43.0 (8718697)|HEAP_ALLOCATE|[97]|Bytes:4
11:43:43.0 (14149272)|HEAP_ALLOCATE|[97]|Bytes:4
11:43:43.0 (14162844)|HEAP_ALLOCATE|[97]|Bytes:0
11:43:43.0 (14195754)|HEAP_ALLOCATE|[97]|Bytes:4
11:43:43.0 (14209439)|METHOD_EXIT|[25]|01p9E000000B0Gj|TasksSelector.getTodaysCallTasksReachedByUser(Id)
11:43:43.0 (14230023)|METHOD_EXIT|[10]|01p9E000000OaMG|MyProductivity.calculateMyReachedTasks()
11:43:43.0 (14236967)|HEAP_ALLOCATE|[10]|Bytes:4
11:43:43.0 (14240742)|STATEMENT_EXECUTE|[11]
11:43:43.0 (14247209)|METHOD_ENTRY|[11]|01p9E000000OaMG|MyProductivity.calculateWeeksBooked()
11:43:43.0 (14272386)|STATEMENT_EXECUTE|[32]
11:43:43.0 (14274084)|STATEMENT_EXECUTE|[33]
11:43:43.0 (14279291)|METHOD_EXIT|[11]|01p9E000000OaMG|MyProductivity.calculateWeeksBooked()
11:43:43.0 (14284576)|HEAP_ALLOCATE|[11]|Bytes:4
11:43:43.0 (14287437)|STATEMENT_EXECUTE|[12]
11:43:43.0 (14292029)|METHOD_ENTRY|[12]|01p9E000000OaMG|MyProductivity.myLeads()
11:43:43.0 (14304956)|STATEMENT_EXECUTE|[28]
11:43:43.0 (14306173)|STATEMENT_EXECUTE|[29]
11:43:43.0 (14309116)|HEAP_ALLOCATE|[29]|Bytes:8
11:43:43.0 (14313229)|HEAP_ALLOCATE|[29]|Bytes:4
11:43:43.0 (14322799)|METHOD_ENTRY|[29]|01p9E000000B0Gj|TasksSelector.getTodaysTasksByTypeAndWhoType(String, String)
11:43:43.0 (14333993)|STATEMENT_EXECUTE|[87]
11:43:43.0 (14335284)|STATEMENT_EXECUTE|[88]
11:43:43.0 (14337078)|HEAP_ALLOCATE|[88]|Bytes:191
11:43:43.0 (14348897)|HEAP_ALLOCATE|[88]|Bytes:4
11:43:43.0 (14362397)|HEAP_ALLOCATE|[88]|Bytes:7
11:43:43.0 (87371688)|HEAP_ALLOCATE|[88]|Bytes:8
11:43:43.0 (87417162)|HEAP_ALLOCATE|[88]|Bytes:16
11:43:43.0 (87522619)|HEAP_ALLOCATE|[88]|Bytes:8
11:43:43.0 (87557902)|METHOD_EXIT|[29]|01p9E000000B0Gj|TasksSelector.getTodaysTasksByTypeAndWhoType(String, String)
11:43:43.0 (87620190)|HEAP_ALLOCATE|[29]|Bytes:8
11:43:43.0 (87633629)|HEAP_ALLOCATE|[29]|Bytes:3
11:43:43.0 (87731008)|METHOD_EXIT|[12]|01p9E000000OaMG|MyProductivity.myLeads()
11:43:43.0 (87746349)|HEAP_ALLOCATE|[12]|Bytes:4
11:43:43.0 (87754702)|STATEMENT_EXECUTE|[13]
11:43:43.0 (87810827)|CODE_UNIT_FINISHED|MyProductivity.getMyStatistics
11:43:43.0 (89202746)|CODE_UNIT_STARTED|[EXTERNAL]|Aura
11:43:43.0 (89248066)|CODE_UNIT_FINISHED|Aura
11:43:43.0 (89278267)|CODE_UNIT_FINISHED|Aura
11:43:43.0 (90175622)|EXECUTION_FINISHED
