41.0 APEX_CODE,FINER;APEX_PROFILING,ERROR;CALLOUT,ERROR;DB,ERROR;SYSTEM,ERROR;VALIDATION,ERROR;VISUALFORCE,ERROR;WAVE,NONE;WORKFLOW,ERROR
11:43:50.0 (70990)|USER_INFO|[EXTERNAL]|0059E000002qaT2|arkadiusz.celej@ef.com.sprintqa|Central European Time|GMT+01:00
11:43:50.0 (101596)|EXECUTION_STARTED
11:43:50.0 (105225)|CODE_UNIT_STARTED|[EXTERNAL]|Aura
11:43:50.0 (1219863)|CODE_UNIT_STARTED|[EXTERNAL]|01p9E000000OaMG|MyProductivity.getMyStatistics
11:43:50.0 (1365453)|HEAP_ALLOCATE|[72]|Bytes:3
11:43:50.0 (1425426)|HEAP_ALLOCATE|[77]|Bytes:152
11:43:50.0 (1446749)|HEAP_ALLOCATE|[342]|Bytes:408
11:43:50.0 (1462095)|HEAP_ALLOCATE|[355]|Bytes:408
11:43:50.0 (1475331)|HEAP_ALLOCATE|[467]|Bytes:48
11:43:50.0 (1515503)|HEAP_ALLOCATE|[139]|Bytes:6
11:43:50.0 (1590741)|HEAP_ALLOCATE|[EXTERNAL]|Bytes:12
11:43:50.0 (1607309)|HEAP_ALLOCATE|[EXTERNAL]|Bytes:13
11:43:50.0 (1623193)|METHOD_ENTRY|[1]|01p9E000000OaMG|MyProductivity.MyProductivity()
11:43:50.0 (1632141)|STATEMENT_EXECUTE|[1]
11:43:50.0 (1638907)|STATEMENT_EXECUTE|[1]
11:43:50.0 (1670720)|HEAP_ALLOCATE|[50]|Bytes:5
11:43:50.0 (1692541)|HEAP_ALLOCATE|[56]|Bytes:5
11:43:50.0 (1710958)|HEAP_ALLOCATE|[64]|Bytes:7
11:43:50.0 (1747448)|STATEMENT_EXECUTE|[3]
11:43:50.0 (1780566)|HEAP_ALLOCATE|[3]|Bytes:85
11:43:50.0 (1790867)|SYSTEM_METHOD_ENTRY|[1]|UserInfo.UserInfo()
11:43:50.0 (1794078)|STATEMENT_EXECUTE|[1]
11:43:50.0 (1800290)|SYSTEM_METHOD_EXIT|[1]|UserInfo
11:43:50.0 (1827288)|METHOD_ENTRY|[3]||System.UserInfo.getUserId()
11:43:50.0 (1896042)|METHOD_EXIT|[3]||System.UserInfo.getUserId()
11:43:50.0 (1913459)|HEAP_ALLOCATE|[3]|Bytes:4
11:43:50.0 (1934139)|STATEMENT_EXECUTE|[36]
11:43:50.0 (1949153)|METHOD_EXIT|[1]|MyProductivity
11:43:50.0 (1973164)|STATEMENT_EXECUTE|[6]
11:43:50.0 (1974953)|STATEMENT_EXECUTE|[7]
11:43:50.0 (1975974)|STATEMENT_EXECUTE|[7]
11:43:50.0 (1977113)|STATEMENT_EXECUTE|[8]
11:43:50.0 (2070668)|HEAP_ALLOCATE|[8]|Bytes:20
11:43:50.0 (2087052)|CONSTRUCTOR_ENTRY|[8]|01p9E000000OaMG|<init>()
11:43:50.0 (2109197)|HEAP_ALLOCATE|[EXTERNAL]|Bytes:6
11:43:50.0 (2135389)|STATEMENT_EXECUTE|[36]
11:43:50.0 (2138126)|STATEMENT_EXECUTE|[38]
11:43:50.0 (2139891)|STATEMENT_EXECUTE|[40]
11:43:50.0 (2141489)|STATEMENT_EXECUTE|[42]
11:43:50.0 (2143050)|STATEMENT_EXECUTE|[44]
11:43:50.0 (2148937)|CONSTRUCTOR_EXIT|[8]|01p9E000000OaMG|<init>()
11:43:50.0 (2157408)|STATEMENT_EXECUTE|[9]
11:43:50.0 (2167980)|METHOD_ENTRY|[9]|01p9E000000OaMG|MyProductivity.calculateMyCompletedTasks()
11:43:50.0 (2192289)|STATEMENT_EXECUTE|[20]
11:43:50.0 (2193957)|STATEMENT_EXECUTE|[21]
11:43:50.0 (2346831)|HEAP_ALLOCATE|[21]|Bytes:36
11:43:50.0 (2364668)|METHOD_ENTRY|[13]|01p9E000000B0Gj|TasksSelector.TasksSelector()
11:43:50.0 (2372414)|STATEMENT_EXECUTE|[13]
11:43:50.0 (2376904)|STATEMENT_EXECUTE|[13]
11:43:50.0 (2380566)|METHOD_EXIT|[13]|TasksSelector
11:43:50.0 (2391461)|METHOD_ENTRY|[21]|01p9E000000B0Gj|TasksSelector.getTasksClosedTodayByUser(Id)
11:43:50.0 (2406497)|STATEMENT_EXECUTE|[103]
11:43:50.0 (2408063)|STATEMENT_EXECUTE|[104]
11:43:50.0 (2411145)|HEAP_ALLOCATE|[104]|Bytes:95
11:43:50.0 (2432559)|HEAP_ALLOCATE|[104]|Bytes:4
11:43:50.0 (2444980)|HEAP_ALLOCATE|[104]|Bytes:7
11:43:50.0 (7947996)|HEAP_ALLOCATE|[104]|Bytes:4
11:43:50.0 (7973682)|HEAP_ALLOCATE|[104]|Bytes:0
11:43:50.0 (8095135)|HEAP_ALLOCATE|[104]|Bytes:4
11:43:50.0 (8112579)|METHOD_EXIT|[21]|01p9E000000B0Gj|TasksSelector.getTasksClosedTodayByUser(Id)
11:43:50.0 (8187506)|METHOD_EXIT|[9]|01p9E000000OaMG|MyProductivity.calculateMyCompletedTasks()
11:43:50.0 (8205589)|HEAP_ALLOCATE|[9]|Bytes:4
11:43:50.0 (8210720)|STATEMENT_EXECUTE|[10]
11:43:50.0 (8219098)|METHOD_ENTRY|[10]|01p9E000000OaMG|MyProductivity.calculateMyReachedTasks()
11:43:50.0 (8244354)|STATEMENT_EXECUTE|[24]
11:43:50.0 (8246309)|STATEMENT_EXECUTE|[25]
11:43:50.0 (8256387)|METHOD_ENTRY|[25]|01p9E000000B0Gj|TasksSelector.getTodaysCallTasksReachedByUser(Id)
11:43:50.0 (8285430)|STATEMENT_EXECUTE|[96]
11:43:50.0 (8287706)|STATEMENT_EXECUTE|[97]
11:43:50.0 (8292948)|HEAP_ALLOCATE|[97]|Bytes:127
11:43:50.0 (8311328)|HEAP_ALLOCATE|[97]|Bytes:4
11:43:50.0 (14477030)|HEAP_ALLOCATE|[97]|Bytes:4
11:43:50.0 (14493610)|HEAP_ALLOCATE|[97]|Bytes:0
11:43:50.0 (14530332)|HEAP_ALLOCATE|[97]|Bytes:4
11:43:50.0 (14546659)|METHOD_EXIT|[25]|01p9E000000B0Gj|TasksSelector.getTodaysCallTasksReachedByUser(Id)
11:43:50.0 (14571400)|METHOD_EXIT|[10]|01p9E000000OaMG|MyProductivity.calculateMyReachedTasks()
11:43:50.0 (14579711)|HEAP_ALLOCATE|[10]|Bytes:4
11:43:50.0 (14584675)|STATEMENT_EXECUTE|[11]
11:43:50.0 (14592419)|METHOD_ENTRY|[11]|01p9E000000OaMG|MyProductivity.calculateWeeksBooked()
11:43:50.0 (14619738)|STATEMENT_EXECUTE|[32]
11:43:50.0 (14621761)|STATEMENT_EXECUTE|[33]
11:43:50.0 (14627862)|METHOD_EXIT|[11]|01p9E000000OaMG|MyProductivity.calculateWeeksBooked()
11:43:50.0 (14633299)|HEAP_ALLOCATE|[11]|Bytes:4
11:43:50.0 (14636261)|STATEMENT_EXECUTE|[12]
11:43:50.0 (14641485)|METHOD_ENTRY|[12]|01p9E000000OaMG|MyProductivity.myLeads()
11:43:50.0 (14655395)|STATEMENT_EXECUTE|[28]
11:43:50.0 (14656995)|STATEMENT_EXECUTE|[29]
11:43:50.0 (14660824)|HEAP_ALLOCATE|[29]|Bytes:8
11:43:50.0 (14665864)|HEAP_ALLOCATE|[29]|Bytes:4
11:43:50.0 (14675636)|METHOD_ENTRY|[29]|01p9E000000B0Gj|TasksSelector.getTodaysTasksByTypeAndWhoType(String, String)
11:43:50.0 (14687655)|STATEMENT_EXECUTE|[87]
11:43:50.0 (14688943)|STATEMENT_EXECUTE|[88]
11:43:50.0 (14690803)|HEAP_ALLOCATE|[88]|Bytes:191
11:43:50.0 (14704511)|HEAP_ALLOCATE|[88]|Bytes:4
11:43:50.0 (14720794)|HEAP_ALLOCATE|[88]|Bytes:7
11:43:50.0 (34259332)|HEAP_ALLOCATE|[88]|Bytes:8
11:43:50.0 (34290006)|HEAP_ALLOCATE|[88]|Bytes:16
11:43:50.0 (34394609)|HEAP_ALLOCATE|[88]|Bytes:8
11:43:50.0 (34424285)|METHOD_EXIT|[29]|01p9E000000B0Gj|TasksSelector.getTodaysTasksByTypeAndWhoType(String, String)
11:43:50.0 (34477418)|HEAP_ALLOCATE|[29]|Bytes:8
11:43:50.0 (34488022)|HEAP_ALLOCATE|[29]|Bytes:3
11:43:50.0 (34576420)|METHOD_EXIT|[12]|01p9E000000OaMG|MyProductivity.myLeads()
11:43:50.0 (34591506)|HEAP_ALLOCATE|[12]|Bytes:4
11:43:50.0 (34598197)|STATEMENT_EXECUTE|[13]
11:43:50.0 (34646830)|CODE_UNIT_FINISHED|MyProductivity.getMyStatistics
11:43:50.0 (35903637)|CODE_UNIT_STARTED|[EXTERNAL]|Aura
11:43:50.0 (35946394)|CODE_UNIT_FINISHED|Aura
11:43:50.0 (35970825)|CODE_UNIT_FINISHED|Aura
11:43:50.0 (36828632)|EXECUTION_FINISHED
