41.0 APEX_CODE,FINER;APEX_PROFILING,ERROR;CALLOUT,ERROR;DB,ERROR;SYSTEM,ERROR;VALIDATION,ERROR;VISUALFORCE,ERROR;WAVE,NONE;WORKFLOW,ERROR
11:42:38.0 (70722)|USER_INFO|[EXTERNAL]|0059E000002qaT2|arkadiusz.celej@ef.com.sprintqa|Central European Time|GMT+01:00
11:42:38.0 (109537)|EXECUTION_STARTED
11:42:38.0 (113683)|CODE_UNIT_STARTED|[EXTERNAL]|Aura
11:42:38.0 (1588377)|CODE_UNIT_STARTED|[EXTERNAL]|01p9E000000OaMG|MyProductivity.getMyStatistics
11:42:38.0 (1721494)|HEAP_ALLOCATE|[72]|Bytes:3
11:42:38.0 (1764800)|HEAP_ALLOCATE|[77]|Bytes:152
11:42:38.0 (1780033)|HEAP_ALLOCATE|[342]|Bytes:408
11:42:38.0 (1798230)|HEAP_ALLOCATE|[355]|Bytes:408
11:42:38.0 (1811547)|HEAP_ALLOCATE|[467]|Bytes:48
11:42:38.0 (1837999)|HEAP_ALLOCATE|[139]|Bytes:6
11:42:38.0 (1910318)|HEAP_ALLOCATE|[EXTERNAL]|Bytes:12
11:42:38.0 (1915519)|HEAP_ALLOCATE|[EXTERNAL]|Bytes:13
11:42:38.0 (1927061)|METHOD_ENTRY|[1]|01p9E000000OaMG|MyProductivity.MyProductivity()
11:42:38.0 (1932615)|STATEMENT_EXECUTE|[1]
11:42:38.0 (1938006)|STATEMENT_EXECUTE|[1]
11:42:38.0 (1970499)|HEAP_ALLOCATE|[50]|Bytes:5
11:42:38.0 (1993666)|HEAP_ALLOCATE|[56]|Bytes:5
11:42:38.0 (2002444)|HEAP_ALLOCATE|[64]|Bytes:7
11:42:38.0 (2029586)|STATEMENT_EXECUTE|[3]
11:42:38.0 (2059168)|HEAP_ALLOCATE|[3]|Bytes:85
11:42:38.0 (2067979)|SYSTEM_METHOD_ENTRY|[1]|UserInfo.UserInfo()
11:42:38.0 (2071094)|STATEMENT_EXECUTE|[1]
11:42:38.0 (2077585)|SYSTEM_METHOD_EXIT|[1]|UserInfo
11:42:38.0 (2091678)|METHOD_ENTRY|[3]||System.UserInfo.getUserId()
11:42:38.0 (2160443)|METHOD_EXIT|[3]||System.UserInfo.getUserId()
11:42:38.0 (2180128)|HEAP_ALLOCATE|[3]|Bytes:4
11:42:38.0 (2186518)|STATEMENT_EXECUTE|[36]
11:42:38.0 (2197087)|METHOD_EXIT|[1]|MyProductivity
11:42:38.0 (2215920)|STATEMENT_EXECUTE|[6]
11:42:38.0 (2217825)|STATEMENT_EXECUTE|[7]
11:42:38.0 (2218844)|STATEMENT_EXECUTE|[7]
11:42:38.0 (2219908)|STATEMENT_EXECUTE|[8]
11:42:38.0 (2302327)|HEAP_ALLOCATE|[8]|Bytes:20
11:42:38.0 (2316625)|CONSTRUCTOR_ENTRY|[8]|01p9E000000OaMG|<init>()
11:42:38.0 (2338564)|HEAP_ALLOCATE|[EXTERNAL]|Bytes:6
11:42:38.0 (2352617)|STATEMENT_EXECUTE|[36]
11:42:38.0 (2354154)|STATEMENT_EXECUTE|[38]
11:42:38.0 (2355227)|STATEMENT_EXECUTE|[40]
11:42:38.0 (2356344)|STATEMENT_EXECUTE|[42]
11:42:38.0 (2363593)|STATEMENT_EXECUTE|[44]
11:42:38.0 (2367214)|CONSTRUCTOR_EXIT|[8]|01p9E000000OaMG|<init>()
11:42:38.0 (2371711)|STATEMENT_EXECUTE|[9]
11:42:38.0 (2379252)|METHOD_ENTRY|[9]|01p9E000000OaMG|MyProductivity.calculateMyCompletedTasks()
11:42:38.0 (2399785)|STATEMENT_EXECUTE|[20]
11:42:38.0 (2401456)|STATEMENT_EXECUTE|[21]
11:42:38.0 (2530103)|HEAP_ALLOCATE|[21]|Bytes:36
11:42:38.0 (2539440)|METHOD_ENTRY|[13]|01p9E000000B0Gj|TasksSelector.TasksSelector()
11:42:38.0 (2543702)|STATEMENT_EXECUTE|[13]
11:42:38.0 (2546261)|STATEMENT_EXECUTE|[13]
11:42:38.0 (2549353)|METHOD_EXIT|[13]|TasksSelector
11:42:38.0 (2559156)|METHOD_ENTRY|[21]|01p9E000000B0Gj|TasksSelector.getTasksClosedTodayByUser(Id)
11:42:38.0 (2571819)|STATEMENT_EXECUTE|[103]
11:42:38.0 (2573431)|STATEMENT_EXECUTE|[104]
11:42:38.0 (2575886)|HEAP_ALLOCATE|[104]|Bytes:95
11:42:38.0 (2599051)|HEAP_ALLOCATE|[104]|Bytes:4
11:42:38.0 (2614229)|HEAP_ALLOCATE|[104]|Bytes:7
11:42:38.0 (8790279)|HEAP_ALLOCATE|[104]|Bytes:4
11:42:38.0 (8811051)|HEAP_ALLOCATE|[104]|Bytes:0
11:42:38.0 (8972384)|HEAP_ALLOCATE|[104]|Bytes:4
11:42:38.0 (9000548)|METHOD_EXIT|[21]|01p9E000000B0Gj|TasksSelector.getTasksClosedTodayByUser(Id)
11:42:38.0 (9086614)|METHOD_EXIT|[9]|01p9E000000OaMG|MyProductivity.calculateMyCompletedTasks()
11:42:38.0 (9102889)|HEAP_ALLOCATE|[9]|Bytes:4
11:42:38.0 (9109415)|STATEMENT_EXECUTE|[10]
11:42:38.0 (9122182)|METHOD_ENTRY|[10]|01p9E000000OaMG|MyProductivity.calculateMyReachedTasks()
11:42:38.0 (9162819)|STATEMENT_EXECUTE|[24]
11:42:38.0 (9165203)|STATEMENT_EXECUTE|[25]
11:42:38.0 (9183227)|METHOD_ENTRY|[25]|01p9E000000B0Gj|TasksSelector.getTodaysCallTasksReachedByUser(Id)
11:42:38.0 (9224644)|STATEMENT_EXECUTE|[96]
11:42:38.0 (9226993)|STATEMENT_EXECUTE|[97]
11:42:38.0 (9231875)|HEAP_ALLOCATE|[97]|Bytes:127
11:42:38.0 (9253958)|HEAP_ALLOCATE|[97]|Bytes:4
11:42:38.0 (14644540)|HEAP_ALLOCATE|[97]|Bytes:4
11:42:38.0 (14658870)|HEAP_ALLOCATE|[97]|Bytes:0
11:42:38.0 (14698234)|HEAP_ALLOCATE|[97]|Bytes:4
11:42:38.0 (14712867)|METHOD_EXIT|[25]|01p9E000000B0Gj|TasksSelector.getTodaysCallTasksReachedByUser(Id)
11:42:38.0 (14735957)|METHOD_EXIT|[10]|01p9E000000OaMG|MyProductivity.calculateMyReachedTasks()
11:42:38.0 (14744214)|HEAP_ALLOCATE|[10]|Bytes:4
11:42:38.0 (14748103)|STATEMENT_EXECUTE|[11]
11:42:38.0 (14757610)|METHOD_ENTRY|[11]|01p9E000000OaMG|MyProductivity.calculateWeeksBooked()
11:42:38.0 (14783894)|STATEMENT_EXECUTE|[32]
11:42:38.0 (14785595)|STATEMENT_EXECUTE|[33]
11:42:38.0 (14791279)|METHOD_EXIT|[11]|01p9E000000OaMG|MyProductivity.calculateWeeksBooked()
11:42:38.0 (14796060)|HEAP_ALLOCATE|[11]|Bytes:4
11:42:38.0 (14798841)|STATEMENT_EXECUTE|[12]
11:42:38.0 (14803395)|METHOD_ENTRY|[12]|01p9E000000OaMG|MyProductivity.myLeads()
11:42:38.0 (14816628)|STATEMENT_EXECUTE|[28]
11:42:38.0 (14818052)|STATEMENT_EXECUTE|[29]
11:42:38.0 (14821112)|HEAP_ALLOCATE|[29]|Bytes:8
11:42:38.0 (14825549)|HEAP_ALLOCATE|[29]|Bytes:4
11:42:38.0 (14835523)|METHOD_ENTRY|[29]|01p9E000000B0Gj|TasksSelector.getTodaysTasksByTypeAndWhoType(String, String)
11:42:38.0 (14846405)|STATEMENT_EXECUTE|[87]
11:42:38.0 (14847725)|STATEMENT_EXECUTE|[88]
11:42:38.0 (14849488)|HEAP_ALLOCATE|[88]|Bytes:191
11:42:38.0 (14862971)|HEAP_ALLOCATE|[88]|Bytes:4
11:42:38.0 (14878171)|HEAP_ALLOCATE|[88]|Bytes:7
11:42:38.0 (34919896)|HEAP_ALLOCATE|[88]|Bytes:8
11:42:38.0 (34947587)|HEAP_ALLOCATE|[88]|Bytes:16
11:42:38.0 (35019826)|HEAP_ALLOCATE|[88]|Bytes:8
11:42:38.0 (35047637)|METHOD_EXIT|[29]|01p9E000000B0Gj|TasksSelector.getTodaysTasksByTypeAndWhoType(String, String)
11:42:38.0 (35100786)|HEAP_ALLOCATE|[29]|Bytes:8
11:42:38.0 (35110542)|HEAP_ALLOCATE|[29]|Bytes:3
11:42:38.0 (35181334)|METHOD_EXIT|[12]|01p9E000000OaMG|MyProductivity.myLeads()
11:42:38.0 (35190375)|HEAP_ALLOCATE|[12]|Bytes:4
11:42:38.0 (35195828)|STATEMENT_EXECUTE|[13]
11:42:38.0 (35239361)|CODE_UNIT_FINISHED|MyProductivity.getMyStatistics
11:42:38.0 (36502160)|CODE_UNIT_STARTED|[EXTERNAL]|Aura
11:42:38.0 (36545814)|CODE_UNIT_FINISHED|Aura
11:42:38.0 (36569487)|CODE_UNIT_FINISHED|Aura
11:42:38.0 (37334581)|EXECUTION_FINISHED
